2015-11-27 21:29:24.723 [info] <0.7.0> Application lager started on node cat@localhost
2015-11-27 21:30:20.296 [error] <0.101.0> W(<0.101.0>:wg_crontab_server:166) : 计算开服天数出错! error:undef
2015-11-27 21:31:20.298 [error] <0.101.0> W(<0.101.0>:wg_crontab_server:166) : 计算开服天数出错! error:undef
2015-11-27 21:32:20.302 [error] <0.101.0> W(<0.101.0>:wg_crontab_server:166) : 计算开服天数出错! error:undef
2015-11-27 21:32:33.989 [error] <0.193.0> Ranch listener web_server terminated with reason: {cowboy_handler,[{class,error},{reason,undef},{mfa,{web_handler,init,2}},{stacktrace,[{web_handler,init,[{http_req,#Port<0.4512>,ranch_tcp,keepalive,<0.193.0>,<<"GET">>,'HTTP/1.1',{{127,0,0,1},53821},<<"localhost">>,undefined,8080,<<"/">>,undefined,<<"echo=saymyname">>,[],[{<<"user-agent">>,<<"curl/7.35.0">>},{<<"host">>,<<"localhost:8080">>},{<<"accept">>,<<"*/*">>}],[],waiting,<<>>,undefined,false,waiting,[],<<>>,undefined},[]],[]},{cowboy_handler,execute,2,[{file,"src/cowboy_handler.erl"},...]},...]},...]}
2015-11-27 21:33:20.303 [error] <0.101.0> W(<0.101.0>:wg_crontab_server:166) : 计算开服天数出错! error:undef
2015-11-27 21:34:20.306 [error] <0.101.0> W(<0.101.0>:wg_crontab_server:166) : 计算开服天数出错! error:undef
2015-11-27 21:35:20.307 [error] <0.101.0> W(<0.101.0>:wg_crontab_server:166) : 计算开服天数出错! error:undef
2015-11-27 21:36:20.308 [error] <0.101.0> W(<0.101.0>:wg_crontab_server:166) : 计算开服天数出错! error:undef
2015-11-27 21:37:20.309 [error] <0.101.0> W(<0.101.0>:wg_crontab_server:166) : 计算开服天数出错! error:undef
2015-11-27 21:38:20.310 [error] <0.101.0> W(<0.101.0>:wg_crontab_server:166) : 计算开服天数出错! error:undef
2015-11-27 21:39:20.311 [error] <0.101.0> W(<0.101.0>:wg_crontab_server:166) : 计算开服天数出错! error:undef
2015-11-27 21:40:20.313 [error] <0.101.0> W(<0.101.0>:wg_crontab_server:166) : 计算开服天数出错! error:undef
2015-11-27 21:41:20.313 [error] <0.101.0> W(<0.101.0>:wg_crontab_server:166) : 计算开服天数出错! error:undef
2015-11-27 21:42:20.314 [error] <0.101.0> W(<0.101.0>:wg_crontab_server:166) : 计算开服天数出错! error:undef
2015-11-27 21:43:20.315 [error] <0.101.0> W(<0.101.0>:wg_crontab_server:166) : 计算开服天数出错! error:undef
2015-11-27 21:44:20.316 [error] <0.101.0> W(<0.101.0>:wg_crontab_server:166) : 计算开服天数出错! error:undef
2015-11-27 21:45:20.317 [error] <0.101.0> W(<0.101.0>:wg_crontab_server:166) : 计算开服天数出错! error:undef
2015-11-27 21:46:20.318 [error] <0.101.0> W(<0.101.0>:wg_crontab_server:166) : 计算开服天数出错! error:undef
2015-11-27 21:47:20.319 [error] <0.101.0> W(<0.101.0>:wg_crontab_server:166) : 计算开服天数出错! error:undef
2015-11-27 21:48:20.321 [error] <0.101.0> W(<0.101.0>:wg_crontab_server:166) : 计算开服天数出错! error:undef
2015-11-27 21:48:40.001 [error] <0.196.0> Ranch listener web_server terminated with reason: {cowboy_handler,[{class,error},{reason,undef},{mfa,{web_handler,init,2}},{stacktrace,[{cow_qs,parse_qs,[<<"echo=saymyname">>],[]},{cowboy_req,match_qs,2,[{file,"src/cowboy_req.erl"},{line,226}]},{web_handler,init,2,[{file,"src/web_handler.erl"},{line,14}]},{cowboy_handler,execute,2,[{file,"src/cowboy_handler.erl"},{line,41}]},{cowboy_protocol,execute,4,[{file,"src/cowboy_protocol.erl"},{line,470}]}]},{req,[{socket,#Port<0.4559>},{transport,ranch_tcp},{connection,keepalive},{pid,<0.196.0>},{method,...},...]},...]}
2015-11-27 21:49:20.321 [error] <0.101.0> W(<0.101.0>:wg_crontab_server:166) : 计算开服天数出错! error:undef
2015-11-27 21:50:20.322 [error] <0.101.0> W(<0.101.0>:wg_crontab_server:166) : 计算开服天数出错! error:undef
2015-11-27 21:51:20.323 [error] <0.101.0> W(<0.101.0>:wg_crontab_server:166) : 计算开服天数出错! error:undef
2015-11-27 21:51:22.830 [error] <0.198.0> Ranch listener web_server terminated with reason: {cowboy_handler,[{class,error},{reason,undef},{mfa,{web_handler,init,2}},{stacktrace,[{cow_qs,parse_qs,[<<"echo=saymyname">>],[]},{cowboy_req,match_qs,2,[{file,"src/cowboy_req.erl"},{line,226}]},{web_handler,init,2,[{file,"src/web_handler.erl"},{line,12}]},{cowboy_handler,execute,2,[{file,"src/cowboy_handler.erl"},{line,41}]},{cowboy_protocol,execute,4,[{file,"src/cowboy_protocol.erl"},{line,470}]}]},{req,[{socket,#Port<0.4640>},{transport,ranch_tcp},{connection,keepalive},{pid,<0.198.0>},{method,...},...]},...]}
2015-11-27 21:52:20.325 [error] <0.101.0> W(<0.101.0>:wg_crontab_server:166) : 计算开服天数出错! error:undef
2015-11-27 21:52:56.614 [error] <0.200.0> Ranch listener web_server terminated with reason: {cowboy_handler,[{class,error},{reason,undef},{mfa,{web_handler,init,2}},{stacktrace,[{cow_qs,parse_qs,[<<"echo=saymyname">>],[]},{cowboy_req,match_qs,2,[{file,"src/cowboy_req.erl"},{line,226}]},{web_handler,init,2,[{file,"src/web_handler.erl"},{line,13}]},{cowboy_handler,execute,2,[{file,"src/cowboy_handler.erl"},{line,41}]},{cowboy_protocol,execute,4,[{file,"src/cowboy_protocol.erl"},{line,470}]}]},{req,[{socket,#Port<0.4721>},{transport,ranch_tcp},{connection,keepalive},{pid,<0.200.0>},{method,...},...]},...]}
2015-11-27 21:53:20.325 [error] <0.101.0> W(<0.101.0>:wg_crontab_server:166) : 计算开服天数出错! error:undef
2015-11-27 21:54:20.326 [error] <0.101.0> W(<0.101.0>:wg_crontab_server:166) : 计算开服天数出错! error:undef
2015-11-27 21:54:28.288 [error] <0.202.0> Ranch listener web_server terminated with reason: {cowboy_handler,[{class,error},{reason,undef},{mfa,{web_handler,init,2}},{stacktrace,[{cow_qs,parse_qs,[<<"echo=saymyname">>],[]},{cowboy_req,match_qs,2,[{file,"src/cowboy_req.erl"},{line,226}]},{web_handler,init,2,[{file,"src/web_handler.erl"},{line,13}]},{cowboy_handler,execute,2,[{file,"src/cowboy_handler.erl"},{line,41}]},{cowboy_protocol,execute,4,[{file,"src/cowboy_protocol.erl"},{line,470}]}]},{req,[{socket,#Port<0.4794>},{transport,ranch_tcp},{connection,keepalive},{pid,<0.202.0>},{method,...},...]},...]}
2015-11-27 21:55:20.329 [error] <0.101.0> W(<0.101.0>:wg_crontab_server:166) : 计算开服天数出错! error:undef
2015-11-27 21:56:20.330 [error] <0.101.0> W(<0.101.0>:wg_crontab_server:166) : 计算开服天数出错! error:undef
2015-11-27 21:57:20.331 [error] <0.101.0> W(<0.101.0>:wg_crontab_server:166) : 计算开服天数出错! error:undef
2015-11-27 21:58:14.625 [info] <0.7.0> Application lager started on node cat@localhost
2015-11-27 21:58:14.680 [info] <0.7.0> Application inets started on node cat@localhost
2015-11-27 21:58:22.645 [error] <0.191.0> Ranch listener web_server terminated with reason: {cowboy_handler,[{class,error},{reason,{badmatch,false}},{mfa,{web_handler,init,2}},{stacktrace,[{cowboy_req,filter,2,[{file,"src/cowboy_req.erl"},{line,1236}]},{web_handler,init,2,[{file,"src/web_handler.erl"},{line,13}]},{cowboy_handler,execute,2,[{file,"src/cowboy_handler.erl"},{line,41}]},{cowboy_protocol,execute,4,[{file,"src/cowboy_protocol.erl"},{line,470}]}]},{req,[{socket,#Port<0.4512>},{transport,ranch_tcp},{connection,keepalive},{pid,<0.191.0>},{method,<<"GET">>},{version,'HTTP/1.1'},...]},...]}
2015-11-27 21:59:14.748 [error] <0.132.0> W(<0.132.0>:wg_crontab_server:166) : 计算开服天数出错! error:undef
2015-11-27 21:59:51.198 [error] <0.192.0> Ranch listener web_server terminated with reason: {cowboy_handler,[{class,error},{reason,{badmatch,#{web_handler => <<"saymyname">>}}},{mfa,{web_handler,init,2}},{stacktrace,[{web_handler,init,2,[{file,"src/web_handler.erl"},{line,13}]},{cowboy_handler,execute,2,[{file,"src/cowboy_handler.erl"},{line,41}]},{cowboy_protocol,execute,4,[{file,"src/cowboy_protocol.erl"},{line,470}]}]},{req,[{socket,#Port<0.4543>},{transport,ranch_tcp},{connection,keepalive},{pid,<0.192.0>},{method,<<"GET">>},{version,'HTTP/1.1'},{peer,{{127,0,0,1},53845}},{host,...},...]},...]}
2015-11-27 21:59:58.751 [error] <0.193.0> Ranch listener web_server terminated with reason: {cowboy_handler,[{class,error},{reason,{badmatch,#{web_handler => <<"saymyname">>}}},{mfa,{web_handler,init,2}},{stacktrace,[{web_handler,init,2,[{file,"src/web_handler.erl"},{line,13}]},{cowboy_handler,execute,2,[{file,"src/cowboy_handler.erl"},{line,41}]},{cowboy_protocol,execute,4,[{file,"src/cowboy_protocol.erl"},{line,470}]}]},{req,[{socket,#Port<0.4544>},{transport,ranch_tcp},{connection,keepalive},{pid,<0.193.0>},{method,<<"GET">>},{version,'HTTP/1.1'},{peer,{{127,0,0,1},53846}},{host,...},...]},...]}
2015-11-27 22:00:14.754 [error] <0.132.0> W(<0.132.0>:wg_crontab_server:166) : 计算开服天数出错! error:undef
2015-11-27 22:00:37.148 [error] emulator Error in process <0.195.0> on node cat@localhost with exit value:
{function_clause,[{lists,zip,[[connection,pid,method,version,peer,host,host_info,port,path,path_info,qs,bindings,headers,meta,body_state,buffer,multipart,resp_compress,resp_state,resp_headers,resp_body,onresponse],[]],[{file,"lists.erl"},{line,386}]},{lists,zip,2,[{file,"lists.erl"},{line,386}]},{lists,zip,2,[{file,"lists.erl"},{line,386}]},{cowboy_handler,terminate,4,[{file,"src/cowboy_handler.erl"},{line,79}]},{cowboy_handler,execute,2,[{file,"src/cowboy_handler.erl"},{line,43}]},{cowboy_protocol,execute,4,[{file,"src/cowboy_protocol.erl"},{line,470}]}]}
2015-11-27 22:00:37.148 [error] <0.195.0> Ranch listener web_server terminated with reason: no function clause matching lists:zip([connection,pid,method,version,peer,host,host_info,port,path,path_info,qs,bindings,headers,meta,...], []) line 386
2015-11-27 22:00:44.574 [error] <0.196.0> Ranch listener web_server terminated with reason: no function clause matching lists:zip([connection,pid,method,version,peer,host,host_info,port,path,path_info,qs,bindings,headers,meta,...], []) line 386
2015-11-27 22:00:44.574 [error] emulator Error in process <0.196.0> on node cat@localhost with exit value:
{function_clause,[{lists,zip,[[connection,pid,method,version,peer,host,host_info,port,path,path_info,qs,bindings,headers,meta,body_state,buffer,multipart,resp_compress,resp_state,resp_headers,resp_body,onresponse],[]],[{file,"lists.erl"},{line,386}]},{lists,zip,2,[{file,"lists.erl"},{line,386}]},{lists,zip,2,[{file,"lists.erl"},{line,386}]},{cowboy_handler,terminate,4,[{file,"src/cowboy_handler.erl"},{line,79}]},{cowboy_handler,execute,2,[{file,"src/cowboy_handler.erl"},{line,43}]},{cowboy_protocol,execute,4,[{file,"src/cowboy_protocol.erl"},{line,470}]}]}
2015-11-27 22:01:14.754 [error] <0.132.0> W(<0.132.0>:wg_crontab_server:166) : 计算开服天数出错! error:undef
2015-11-27 22:02:14.756 [error] <0.132.0> W(<0.132.0>:wg_crontab_server:166) : 计算开服天数出错! error:undef
2015-11-27 22:03:14.758 [error] <0.132.0> W(<0.132.0>:wg_crontab_server:166) : 计算开服天数出错! error:undef
2015-11-27 22:04:14.759 [error] <0.132.0> W(<0.132.0>:wg_crontab_server:166) : 计算开服天数出错! error:undef
2015-11-27 22:05:14.760 [error] <0.132.0> W(<0.132.0>:wg_crontab_server:166) : 计算开服天数出错! error:undef
2015-11-27 22:10:56.677 [info] <0.7.0> Application lager started on node cat@localhost
2015-11-27 22:10:56.730 [info] <0.7.0> Application inets started on node cat@localhost
2015-11-27 22:11:56.797 [error] <0.132.0> W(<0.132.0>:wg_crontab_server:166) : 计算开服天数出错! error:undef
2015-11-27 22:12:56.802 [error] <0.132.0> W(<0.132.0>:wg_crontab_server:166) : 计算开服天数出错! error:undef
2015-11-27 22:13:56.803 [error] <0.132.0> W(<0.132.0>:wg_crontab_server:166) : 计算开服天数出错! error:undef
2015-11-27 22:14:56.803 [error] <0.132.0> W(<0.132.0>:wg_crontab_server:166) : 计算开服天数出错! error:undef
2015-11-27 22:15:56.805 [error] <0.132.0> W(<0.132.0>:wg_crontab_server:166) : 计算开服天数出错! error:undef
2015-11-27 22:16:43.542 [info] <0.7.0> Application lager started on node cat@localhost
2015-11-27 22:16:43.596 [info] <0.7.0> Application inets started on node cat@localhost
2015-11-27 22:17:43.667 [warning] <0.6.0> lager_error_logger_h dropped 1 messages in the last second that exceeded the limit of 50 messages/sec
2015-11-27 22:17:43.667 [error] <0.132.0> W(<0.132.0>:wg_crontab_server:166) : 计算开服天数出错! error:undef
2015-11-27 22:18:43.669 [error] <0.132.0> W(<0.132.0>:wg_crontab_server:166) : 计算开服天数出错! error:undef
2015-11-27 22:19:43.673 [error] <0.132.0> W(<0.132.0>:wg_crontab_server:166) : 计算开服天数出错! error:undef
2015-11-27 22:20:43.674 [error] <0.132.0> W(<0.132.0>:wg_crontab_server:166) : 计算开服天数出错! error:undef
2015-11-27 22:21:43.675 [error] <0.132.0> W(<0.132.0>:wg_crontab_server:166) : 计算开服天数出错! error:undef
2015-11-27 22:22:43.676 [error] <0.132.0> W(<0.132.0>:wg_crontab_server:166) : 计算开服天数出错! error:undef
2015-11-27 22:23:43.677 [error] <0.132.0> W(<0.132.0>:wg_crontab_server:166) : 计算开服天数出错! error:undef
2015-11-27 22:24:43.678 [error] <0.132.0> W(<0.132.0>:wg_crontab_server:166) : 计算开服天数出错! error:undef
2015-11-27 22:25:43.678 [error] <0.132.0> W(<0.132.0>:wg_crontab_server:166) : 计算开服天数出错! error:undef
2015-11-27 22:26:43.680 [error] <0.132.0> W(<0.132.0>:wg_crontab_server:166) : 计算开服天数出错! error:undef
2015-11-27 22:27:43.681 [error] <0.132.0> W(<0.132.0>:wg_crontab_server:166) : 计算开服天数出错! error:undef
2015-11-27 22:28:43.682 [error] <0.132.0> W(<0.132.0>:wg_crontab_server:166) : 计算开服天数出错! error:undef
2015-11-27 22:28:48.062 [info] <0.7.0> Application lager started on node cat@localhost
2015-11-27 22:28:48.114 [info] <0.7.0> Application inets started on node cat@localhost
2015-11-27 22:28:48.180 [error] <0.123.0> FORMAT ERROR: [69,40,126,112,58,126,112,58,126,112,41,32,58,32,21551,21160,26381,21153,58,126,112,22833,36133,58,126,112,126,110] [<0.123.0>,util,119,{wg_crontab_server,{wg_crontab_server,start_link,["/mnt/hgfs/git_rep/cat/config/game.crontab",#Fun<game_sup.0.55754291>]},permanent,brutal_kill,worker,[wg_crontab_server]},{error,{{'EXIT',{undef,[{wg_crontab_server,start_link,["/mnt/hgfs/git_rep/cat/config/game.crontab",#Fun<game_sup.0.55754291>],[]},{supervisor,do_start_child,2,[{file,"supervisor.erl"},{line,343}]},{supervisor,handle_start_child,2,[{file,"supervisor.erl"},{line,715}]},{supervisor,handle_call,3,[{file,"supervisor.erl"},{line,400}]},{gen_server,try_handle_call,4,[{file,"gen_server.erl"},{line,629}]},{gen_server,handle_msg,5,[{file,"gen_server.erl"},{line,661}]},{proc_lib,init_p_do_apply,3,[{file,"proc_lib.erl"},{line,239}]}]}},{child,undefined,wg_crontab_server,{wg_crontab_server,start_link,["/mnt/hgfs/git_rep/cat/config/game.crontab",#Fun<game_sup.0.55754291>]},permanent,brutal_kill,worker,[wg_crontab_server]}}}]
2015-11-27 22:28:48.180 [error] <0.122.0> CRASH REPORT Process <0.122.0> with 0 neighbours exited with reason: {{{'EXIT',{undef,[{wg_crontab_server,start_link,["/mnt/hgfs/git_rep/cat/config/game.crontab",#Fun<game_sup.0.55754291>],[]},{supervisor,do_start_child,2,[{file,"supervisor.erl"},{line,343}]},{supervisor,handle_start_child,2,[{file,"supervisor.erl"},{line,715}]},{supervisor,handle_call,3,[{file,"supervisor.erl"},{line,400}]},{gen_server,try_handle_call,4,[{file,"gen_server.erl"},{line,629}]},{gen_server,handle_msg,5,[{file,"gen_server.erl"},{line,661}]},{proc_lib,init_p_do_apply,3,[{file,"..."},...]}]}},...},...} in application_master:init/4 line 134
2015-11-27 22:28:48.181 [info] <0.7.0> Application game exited with reason: {{{'EXIT',{undef,[{wg_crontab_server,start_link,["/mnt/hgfs/git_rep/cat/config/game.crontab",#Fun<game_sup.0.55754291>],[]},{supervisor,do_start_child,2,[{file,"supervisor.erl"},{line,343}]},{supervisor,handle_start_child,2,[{file,"supervisor.erl"},{line,715}]},{supervisor,handle_call,3,[{file,"supervisor.erl"},{line,400}]},{gen_server,try_handle_call,4,[{file,"gen_server.erl"},{line,629}]},{gen_server,handle_msg,5,[{file,"gen_server.erl"},{line,661}]},{proc_lib,init_p_do_apply,3,[{file,"..."},...]}]}},...},...}
2015-11-27 22:28:48.181 [error] <0.2.0> FORMAT ERROR: [69,40,126,112,58,126,112,58,126,112,41,32,58,32,21551,21160,28216,25103,26381,21153,22120,20986,38169,58,126,112,58,126,112,10,115,116,97,99,101,116,114,97,99,101,58,126,112,126,110] [<0.2.0>,game,26,error,{badmatch,{error,{{{'EXIT',{undef,[{wg_crontab_server,start_link,["/mnt/hgfs/git_rep/cat/config/game.crontab",#Fun<game_sup.0.55754291>],[]},{supervisor,do_start_child,2,[{file,"supervisor.erl"},{line,343}]},{supervisor,handle_start_child,2,[{file,"supervisor.erl"},{line,715}]},{supervisor,handle_call,3,[{file,"supervisor.erl"},{line,400}]},{gen_server,try_handle_call,4,[{file,"gen_server.erl"},{line,629}]},{gen_server,handle_msg,5,[{file,"gen_server.erl"},{line,661}]},{proc_lib,init_p_do_apply,3,[{file,"proc_lib.erl"},{line,239}]}]}},{child,undefined,wg_crontab_server,{wg_crontab_server,start_link,["/mnt/hgfs/git_rep/cat/config/game.crontab",#Fun<game_sup.0.55754291>]},permanent,brutal_kill,worker,[wg_crontab_server]}},{game,start,[normal,[]]}}}},[{game,start,0,[{file,"src/game.erl"},{line,23}]},{init,start_it,1,[]},{init,start_em,1,[]}]]
2015-11-27 22:29:30.658 [info] <0.7.0> Application lager started on node cat@localhost
2015-11-27 22:29:30.711 [info] <0.7.0> Application inets started on node cat@localhost
2015-11-27 22:29:30.776 [error] <0.123.0> FORMAT ERROR: [69,40,126,112,58,126,112,58,126,112,41,32,58,32,21551,21160,26381,21153,58,126,112,22833,36133,58,126,112,126,110] [<0.123.0>,util,119,{wg_crontab_server,{wg_crontab_server,start_link,["/mnt/hgfs/git_rep/cat/config/game.crontab",#Fun<game_sup.0.55754291>]},permanent,brutal_kill,worker,[wg_crontab_server]},{error,{{'EXIT',{undef,[{wg_crontab_server,start_link,["/mnt/hgfs/git_rep/cat/config/game.crontab",#Fun<game_sup.0.55754291>],[]},{supervisor,do_start_child,2,[{file,"supervisor.erl"},{line,343}]},{supervisor,handle_start_child,2,[{file,"supervisor.erl"},{line,715}]},{supervisor,handle_call,3,[{file,"supervisor.erl"},{line,400}]},{gen_server,try_handle_call,4,[{file,"gen_server.erl"},{line,629}]},{gen_server,handle_msg,5,[{file,"gen_server.erl"},{line,661}]},{proc_lib,init_p_do_apply,3,[{file,"proc_lib.erl"},{line,239}]}]}},{child,undefined,wg_crontab_server,{wg_crontab_server,start_link,["/mnt/hgfs/git_rep/cat/config/game.crontab",#Fun<game_sup.0.55754291>]},permanent,brutal_kill,worker,[wg_crontab_server]}}}]
2015-11-27 22:29:30.776 [error] <0.122.0> CRASH REPORT Process <0.122.0> with 0 neighbours exited with reason: {{{'EXIT',{undef,[{wg_crontab_server,start_link,["/mnt/hgfs/git_rep/cat/config/game.crontab",#Fun<game_sup.0.55754291>],[]},{supervisor,do_start_child,2,[{file,"supervisor.erl"},{line,343}]},{supervisor,handle_start_child,2,[{file,"supervisor.erl"},{line,715}]},{supervisor,handle_call,3,[{file,"supervisor.erl"},{line,400}]},{gen_server,try_handle_call,4,[{file,"gen_server.erl"},{line,629}]},{gen_server,handle_msg,5,[{file,"gen_server.erl"},{line,661}]},{proc_lib,init_p_do_apply,3,[{file,"..."},...]}]}},...},...} in application_master:init/4 line 134
2015-11-27 22:29:30.776 [info] <0.7.0> Application game exited with reason: {{{'EXIT',{undef,[{wg_crontab_server,start_link,["/mnt/hgfs/git_rep/cat/config/game.crontab",#Fun<game_sup.0.55754291>],[]},{supervisor,do_start_child,2,[{file,"supervisor.erl"},{line,343}]},{supervisor,handle_start_child,2,[{file,"supervisor.erl"},{line,715}]},{supervisor,handle_call,3,[{file,"supervisor.erl"},{line,400}]},{gen_server,try_handle_call,4,[{file,"gen_server.erl"},{line,629}]},{gen_server,handle_msg,5,[{file,"gen_server.erl"},{line,661}]},{proc_lib,init_p_do_apply,3,[{file,"..."},...]}]}},...},...}
2015-11-27 22:29:30.776 [error] <0.2.0> FORMAT ERROR: [69,40,126,112,58,126,112,58,126,112,41,32,58,32,21551,21160,28216,25103,26381,21153,22120,20986,38169,58,126,112,58,126,112,10,115,116,97,99,101,116,114,97,99,101,58,126,112,126,110] [<0.2.0>,game,26,error,{badmatch,{error,{{{'EXIT',{undef,[{wg_crontab_server,start_link,["/mnt/hgfs/git_rep/cat/config/game.crontab",#Fun<game_sup.0.55754291>],[]},{supervisor,do_start_child,2,[{file,"supervisor.erl"},{line,343}]},{supervisor,handle_start_child,2,[{file,"supervisor.erl"},{line,715}]},{supervisor,handle_call,3,[{file,"supervisor.erl"},{line,400}]},{gen_server,try_handle_call,4,[{file,"gen_server.erl"},{line,629}]},{gen_server,handle_msg,5,[{file,"gen_server.erl"},{line,661}]},{proc_lib,init_p_do_apply,3,[{file,"proc_lib.erl"},{line,239}]}]}},{child,undefined,wg_crontab_server,{wg_crontab_server,start_link,["/mnt/hgfs/git_rep/cat/config/game.crontab",#Fun<game_sup.0.55754291>]},permanent,brutal_kill,worker,[wg_crontab_server]}},{game,start,[normal,[]]}}}},[{game,start,0,[{file,"src/game.erl"},{line,23}]},{init,start_it,1,[]},{init,start_em,1,[]}]]
2015-11-27 22:29:37.941 [info] <0.7.0> Application lager started on node cat@localhost
2015-11-27 22:29:37.992 [info] <0.7.0> Application inets started on node cat@localhost
2015-11-27 22:29:38.054 [error] <0.123.0> FORMAT ERROR: [69,40,126,112,58,126,112,58,126,112,41,32,58,32,21551,21160,26381,21153,58,126,112,22833,36133,58,126,112,126,110] [<0.123.0>,util,119,{wg_cron_server,{wg_cron_server,start_link,["/mnt/hgfs/git_rep/cat/config/game.crontab",#Fun<game_sup.0.55703653>]},permanent,brutal_kill,worker,[wg_cron_server]},{error,{{'EXIT',{undef,[{wg_cron_server,start_link,["/mnt/hgfs/git_rep/cat/config/game.crontab",#Fun<game_sup.0.55703653>],[]},{supervisor,do_start_child,2,[{file,"supervisor.erl"},{line,343}]},{supervisor,handle_start_child,2,[{file,"supervisor.erl"},{line,715}]},{supervisor,handle_call,3,[{file,"supervisor.erl"},{line,400}]},{gen_server,try_handle_call,4,[{file,"gen_server.erl"},{line,629}]},{gen_server,handle_msg,5,[{file,"gen_server.erl"},{line,661}]},{proc_lib,init_p_do_apply,3,[{file,"proc_lib.erl"},{line,239}]}]}},{child,undefined,wg_cron_server,{wg_cron_server,start_link,["/mnt/hgfs/git_rep/cat/config/game.crontab",#Fun<game_sup.0.55703653>]},permanent,brutal_kill,worker,[wg_cron_server]}}}]
2015-11-27 22:29:38.054 [error] <0.122.0> CRASH REPORT Process <0.122.0> with 0 neighbours exited with reason: {{{'EXIT',{undef,[{wg_cron_server,start_link,["/mnt/hgfs/git_rep/cat/config/game.crontab",#Fun<game_sup.0.55703653>],[]},{supervisor,do_start_child,2,[{file,"supervisor.erl"},{line,343}]},{supervisor,handle_start_child,2,[{file,"supervisor.erl"},{line,715}]},{supervisor,handle_call,3,[{file,"supervisor.erl"},{line,400}]},{gen_server,try_handle_call,4,[{file,"gen_server.erl"},{line,629}]},{gen_server,handle_msg,5,[{file,"gen_server.erl"},{line,661}]},{proc_lib,init_p_do_apply,3,[{file,"pro..."},...]}]}},...},...} in application_master:init/4 line 134
2015-11-27 22:29:38.054 [info] <0.7.0> Application game exited with reason: {{{'EXIT',{undef,[{wg_cron_server,start_link,["/mnt/hgfs/git_rep/cat/config/game.crontab",#Fun<game_sup.0.55703653>],[]},{supervisor,do_start_child,2,[{file,"supervisor.erl"},{line,343}]},{supervisor,handle_start_child,2,[{file,"supervisor.erl"},{line,715}]},{supervisor,handle_call,3,[{file,"supervisor.erl"},{line,400}]},{gen_server,try_handle_call,4,[{file,"gen_server.erl"},{line,629}]},{gen_server,handle_msg,5,[{file,"gen_server.erl"},{line,661}]},{proc_lib,init_p_do_apply,3,[{file,"pro..."},...]}]}},...},...}
2015-11-27 22:29:38.055 [error] <0.2.0> FORMAT ERROR: [69,40,126,112,58,126,112,58,126,112,41,32,58,32,21551,21160,28216,25103,26381,21153,22120,20986,38169,58,126,112,58,126,112,10,115,116,97,99,101,116,114,97,99,101,58,126,112,126,110] [<0.2.0>,game,26,error,{badmatch,{error,{{{'EXIT',{undef,[{wg_cron_server,start_link,["/mnt/hgfs/git_rep/cat/config/game.crontab",#Fun<game_sup.0.55703653>],[]},{supervisor,do_start_child,2,[{file,"supervisor.erl"},{line,343}]},{supervisor,handle_start_child,2,[{file,"supervisor.erl"},{line,715}]},{supervisor,handle_call,3,[{file,"supervisor.erl"},{line,400}]},{gen_server,try_handle_call,4,[{file,"gen_server.erl"},{line,629}]},{gen_server,handle_msg,5,[{file,"gen_server.erl"},{line,661}]},{proc_lib,init_p_do_apply,3,[{file,"proc_lib.erl"},{line,239}]}]}},{child,undefined,wg_cron_server,{wg_cron_server,start_link,["/mnt/hgfs/git_rep/cat/config/game.crontab",#Fun<game_sup.0.55703653>]},permanent,brutal_kill,worker,[wg_cron_server]}},{game,start,[normal,[]]}}}},[{game,start,0,[{file,"src/game.erl"},{line,23}]},{init,start_it,1,[]},{init,start_em,1,[]}]]
2015-11-27 22:32:58.350 [info] <0.7.0> Application lager started on node cat@localhost
2015-11-27 22:32:58.399 [info] <0.7.0> Application inets started on node cat@localhost
2015-11-27 22:32:58.460 [error] <0.123.0> FORMAT ERROR: [69,40,126,112,58,126,112,58,126,112,41,32,58,32,21551,21160,26381,21153,58,126,112,22833,36133,58,126,112,126,110] [<0.123.0>,util,119,{wg_cron_server,{wg_cron_server,start_link,["/mnt/hgfs/git_rep/cat/config/game.crontab"]},permanent,brutal_kill,worker,[wg_cron_server]},{error,{{'EXIT',{undef,[{wg_cron_server,start_link,["/mnt/hgfs/git_rep/cat/config/game.crontab"],[]},{supervisor,do_start_child,2,[{file,"supervisor.erl"},{line,343}]},{supervisor,handle_start_child,2,[{file,"supervisor.erl"},{line,715}]},{supervisor,handle_call,3,[{file,"supervisor.erl"},{line,400}]},{gen_server,try_handle_call,4,[{file,"gen_server.erl"},{line,629}]},{gen_server,handle_msg,5,[{file,"gen_server.erl"},{line,661}]},{proc_lib,init_p_do_apply,3,[{file,"proc_lib.erl"},{line,239}]}]}},{child,undefined,wg_cron_server,{wg_cron_server,start_link,["/mnt/hgfs/git_rep/cat/config/game.crontab"]},permanent,brutal_kill,worker,[wg_cron_server]}}}]
2015-11-27 22:32:58.460 [error] <0.122.0> CRASH REPORT Process <0.122.0> with 0 neighbours exited with reason: {{{'EXIT',{undef,[{wg_cron_server,start_link,["/mnt/hgfs/git_rep/cat/config/game.crontab"],[]},{supervisor,do_start_child,2,[{file,"supervisor.erl"},{line,343}]},{supervisor,handle_start_child,2,[{file,"supervisor.erl"},{line,715}]},{supervisor,handle_call,3,[{file,"supervisor.erl"},{line,400}]},{gen_server,try_handle_call,4,[{file,"gen_server.erl"},{line,629}]},{gen_server,handle_msg,5,[{file,"gen_server.erl"},{line,661}]},{proc_lib,init_p_do_apply,3,[{file,"proc_lib.erl"},{line,239}]}]}},...},...} in application_master:init/4 line 134
2015-11-27 22:32:58.460 [info] <0.7.0> Application game exited with reason: {{{'EXIT',{undef,[{wg_cron_server,start_link,["/mnt/hgfs/git_rep/cat/config/game.crontab"],[]},{supervisor,do_start_child,2,[{file,"supervisor.erl"},{line,343}]},{supervisor,handle_start_child,2,[{file,"supervisor.erl"},{line,715}]},{supervisor,handle_call,3,[{file,"supervisor.erl"},{line,400}]},{gen_server,try_handle_call,4,[{file,"gen_server.erl"},{line,629}]},{gen_server,handle_msg,5,[{file,"gen_server.erl"},{line,661}]},{proc_lib,init_p_do_apply,3,[{file,"proc_lib.erl"},{line,239}]}]}},...},...}
2015-11-27 22:32:58.460 [error] <0.2.0> FORMAT ERROR: [69,40,126,112,58,126,112,58,126,112,41,32,58,32,21551,21160,28216,25103,26381,21153,22120,20986,38169,58,126,112,58,126,112,10,115,116,97,99,101,116,114,97,99,101,58,126,112,126,110] [<0.2.0>,game,26,error,{badmatch,{error,{{{'EXIT',{undef,[{wg_cron_server,start_link,["/mnt/hgfs/git_rep/cat/config/game.crontab"],[]},{supervisor,do_start_child,2,[{file,"supervisor.erl"},{line,343}]},{supervisor,handle_start_child,2,[{file,"supervisor.erl"},{line,715}]},{supervisor,handle_call,3,[{file,"supervisor.erl"},{line,400}]},{gen_server,try_handle_call,4,[{file,"gen_server.erl"},{line,629}]},{gen_server,handle_msg,5,[{file,"gen_server.erl"},{line,661}]},{proc_lib,init_p_do_apply,3,[{file,"proc_lib.erl"},{line,239}]}]}},{child,undefined,wg_cron_server,{wg_cron_server,start_link,["/mnt/hgfs/git_rep/cat/config/game.crontab"]},permanent,brutal_kill,worker,[wg_cron_server]}},{game,start,[normal,[]]}}}},[{game,start,0,[{file,"src/game.erl"},{line,23}]},{init,start_it,1,[]},{init,start_em,1,[]}]]
2015-11-27 22:33:35.246 [info] <0.7.0> Application lager started on node cat@localhost
2015-11-27 22:33:35.297 [info] <0.7.0> Application inets started on node cat@localhost
2015-11-27 22:33:35.356 [error] <0.123.0> FORMAT ERROR: [69,40,126,112,58,126,112,58,126,112,41,32,58,32,21551,21160,26381,21153,58,126,112,22833,36133,58,126,112,126,110] [<0.123.0>,util,119,{wg_cron_server,{wg_cron_server,start_link,["/mnt/hgfs/git_rep/cat/config/game.crontab"]},permanent,brutal_kill,worker,[wg_cron_server]},{error,{{'EXIT',{undef,[{wg_cron_server,start_link,["/mnt/hgfs/git_rep/cat/config/game.crontab"],[]},{supervisor,do_start_child,2,[{file,"supervisor.erl"},{line,343}]},{supervisor,handle_start_child,2,[{file,"supervisor.erl"},{line,715}]},{supervisor,handle_call,3,[{file,"supervisor.erl"},{line,400}]},{gen_server,try_handle_call,4,[{file,"gen_server.erl"},{line,629}]},{gen_server,handle_msg,5,[{file,"gen_server.erl"},{line,661}]},{proc_lib,init_p_do_apply,3,[{file,"proc_lib.erl"},{line,239}]}]}},{child,undefined,wg_cron_server,{wg_cron_server,start_link,["/mnt/hgfs/git_rep/cat/config/game.crontab"]},permanent,brutal_kill,worker,[wg_cron_server]}}}]
2015-11-27 22:33:35.356 [error] <0.122.0> CRASH REPORT Process <0.122.0> with 0 neighbours exited with reason: {{{'EXIT',{undef,[{wg_cron_server,start_link,["/mnt/hgfs/git_rep/cat/config/game.crontab"],[]},{supervisor,do_start_child,2,[{file,"supervisor.erl"},{line,343}]},{supervisor,handle_start_child,2,[{file,"supervisor.erl"},{line,715}]},{supervisor,handle_call,3,[{file,"supervisor.erl"},{line,400}]},{gen_server,try_handle_call,4,[{file,"gen_server.erl"},{line,629}]},{gen_server,handle_msg,5,[{file,"gen_server.erl"},{line,661}]},{proc_lib,init_p_do_apply,3,[{file,"proc_lib.erl"},{line,239}]}]}},...},...} in application_master:init/4 line 134
2015-11-27 22:33:35.356 [info] <0.7.0> Application game exited with reason: {{{'EXIT',{undef,[{wg_cron_server,start_link,["/mnt/hgfs/git_rep/cat/config/game.crontab"],[]},{supervisor,do_start_child,2,[{file,"supervisor.erl"},{line,343}]},{supervisor,handle_start_child,2,[{file,"supervisor.erl"},{line,715}]},{supervisor,handle_call,3,[{file,"supervisor.erl"},{line,400}]},{gen_server,try_handle_call,4,[{file,"gen_server.erl"},{line,629}]},{gen_server,handle_msg,5,[{file,"gen_server.erl"},{line,661}]},{proc_lib,init_p_do_apply,3,[{file,"proc_lib.erl"},{line,239}]}]}},...},...}
2015-11-27 22:33:35.356 [error] <0.2.0> FORMAT ERROR: [69,40,126,112,58,126,112,58,126,112,41,32,58,32,21551,21160,28216,25103,26381,21153,22120,20986,38169,58,126,112,58,126,112,10,115,116,97,99,101,116,114,97,99,101,58,126,112,126,110] [<0.2.0>,game,26,error,{badmatch,{error,{{{'EXIT',{undef,[{wg_cron_server,start_link,["/mnt/hgfs/git_rep/cat/config/game.crontab"],[]},{supervisor,do_start_child,2,[{file,"supervisor.erl"},{line,343}]},{supervisor,handle_start_child,2,[{file,"supervisor.erl"},{line,715}]},{supervisor,handle_call,3,[{file,"supervisor.erl"},{line,400}]},{gen_server,try_handle_call,4,[{file,"gen_server.erl"},{line,629}]},{gen_server,handle_msg,5,[{file,"gen_server.erl"},{line,661}]},{proc_lib,init_p_do_apply,3,[{file,"proc_lib.erl"},{line,239}]}]}},{child,undefined,wg_cron_server,{wg_cron_server,start_link,["/mnt/hgfs/git_rep/cat/config/game.crontab"]},permanent,brutal_kill,worker,[wg_cron_server]}},{game,start,[normal,[]]}}}},[{game,start,0,[{file,"src/game.erl"},{line,23}]},{init,start_it,1,[]},{init,start_em,1,[]}]]
2015-11-27 22:34:52.445 [info] <0.7.0> Application lager started on node cat@localhost
2015-11-27 22:34:52.500 [info] <0.7.0> Application inets started on node cat@localhost
2015-11-27 22:35:27.020 [info] <0.7.0> Application lager started on node cat@localhost
2015-11-27 22:35:27.072 [info] <0.7.0> Application inets started on node cat@localhost
2015-11-27 22:35:27.210 [error] <0.123.0> FORMAT ERROR: [69,40,126,112,58,126,112,58,126,112,41,32,58,32,21551,21160,26381,21153,58,126,112,22833,36133,58,126,112,126,110] [<0.123.0>,util,119,{wg_httpd,{wg_httpd,start_link,[[{name,game_api_httpd},{ip,"0.0.0.0"},{port,8001}],["ebin/game"],[]]},permanent,brutal_kill,worker,[wg_httpd]},{error,{{'EXIT',{undef,[{wg_httpd,start_link,[[{name,game_api_httpd},{ip,"0.0.0.0"},{port,8001}],["ebin/game"],[]],[]},{supervisor,do_start_child,2,[{file,"supervisor.erl"},{line,343}]},{supervisor,handle_start_child,2,[{file,"supervisor.erl"},{line,715}]},{supervisor,handle_call,3,[{file,"supervisor.erl"},{line,400}]},{gen_server,try_handle_call,4,[{file,"gen_server.erl"},{line,629}]},{gen_server,handle_msg,5,[{file,"gen_server.erl"},{line,661}]},{proc_lib,init_p_do_apply,3,[{file,"proc_lib.erl"},{line,239}]}]}},{child,undefined,wg_httpd,{wg_httpd,start_link,[[{name,game_api_httpd},{ip,"0.0.0.0"},{port,8001}],["ebin/game"],[]]},permanent,brutal_kill,worker,[wg_httpd]}}}]
2015-11-27 22:35:27.210 [error] <0.122.0> CRASH REPORT Process <0.122.0> with 0 neighbours exited with reason: {{{'EXIT',{undef,[{wg_httpd,start_link,[[{name,game_api_httpd},{ip,"0.0.0.0"},{port,8001}],["ebin/game"],[]],[]},{supervisor,do_start_child,2,[{file,"supervisor.erl"},{line,343}]},{supervisor,handle_start_child,2,[{file,"supervisor.erl"},{line,715}]},{supervisor,handle_call,3,[{file,"supervisor.erl"},{line,400}]},{gen_server,try_handle_call,4,[{file,"gen_server.erl"},{line,629}]},{gen_server,handle_msg,5,[{file,"gen_server.erl"},{line,661}]},{proc_lib,init_p_do_apply,3,[{file,"proc_lib.er..."},...]}]}},...},...} in application_master:init/4 line 134
2015-11-27 22:35:27.210 [info] <0.7.0> Application game exited with reason: {{{'EXIT',{undef,[{wg_httpd,start_link,[[{name,game_api_httpd},{ip,"0.0.0.0"},{port,8001}],["ebin/game"],[]],[]},{supervisor,do_start_child,2,[{file,"supervisor.erl"},{line,343}]},{supervisor,handle_start_child,2,[{file,"supervisor.erl"},{line,715}]},{supervisor,handle_call,3,[{file,"supervisor.erl"},{line,400}]},{gen_server,try_handle_call,4,[{file,"gen_server.erl"},{line,629}]},{gen_server,handle_msg,5,[{file,"gen_server.erl"},{line,661}]},{proc_lib,init_p_do_apply,3,[{file,"proc_lib.er..."},...]}]}},...},...}
2015-11-27 22:35:27.210 [error] <0.2.0> FORMAT ERROR: [69,40,126,112,58,126,112,58,126,112,41,32,58,32,21551,21160,28216,25103,26381,21153,22120,20986,38169,58,126,112,58,126,112,10,115,116,97,99,101,116,114,97,99,101,58,126,112,126,110] [<0.2.0>,game,26,error,{badmatch,{error,{{{'EXIT',{undef,[{wg_httpd,start_link,[[{name,game_api_httpd},{ip,"0.0.0.0"},{port,8001}],["ebin/game"],[]],[]},{supervisor,do_start_child,2,[{file,"supervisor.erl"},{line,343}]},{supervisor,handle_start_child,2,[{file,"supervisor.erl"},{line,715}]},{supervisor,handle_call,3,[{file,"supervisor.erl"},{line,400}]},{gen_server,try_handle_call,4,[{file,"gen_server.erl"},{line,629}]},{gen_server,handle_msg,5,[{file,"gen_server.erl"},{line,661}]},{proc_lib,init_p_do_apply,3,[{file,"proc_lib.erl"},{line,239}]}]}},{child,undefined,wg_httpd,{wg_httpd,start_link,[[{name,game_api_httpd},{ip,"0.0.0.0"},{port,8001}],["ebin/game"],[]]},permanent,brutal_kill,worker,[wg_httpd]}},{game,start,[normal,[]]}}}},[{game,start,0,[{file,"src/game.erl"},{line,23}]},{init,start_it,1,[]},{init,start_em,1,[]}]]
2015-11-27 22:35:58.288 [info] <0.7.0> Application lager started on node cat@localhost
2015-11-27 22:35:58.342 [info] <0.7.0> Application inets started on node cat@localhost
2015-11-28 07:15:49.734 [info] <0.7.0> Application lager started on node cat@localhost
2015-11-28 07:15:49.789 [info] <0.7.0> Application inets started on node cat@localhost
2015-11-28 07:15:49.974 [error] <0.136.0> CRASH REPORT Process <0.136.0> with 0 neighbours exited with reason: {connection_error,{connection_error,econnrefused}} in gen_server:init_it/6 line 344
2015-11-28 07:15:49.974 [error] <0.135.0> Supervisor db_sup had child undefined started with essdb:start_link("127.0.0.1", 8888, 1) at undefined exit with reason {connection_error,{connection_error,econnrefused}} in context start_error
2015-11-28 07:15:49.974 [error] <0.123.0> FORMAT ERROR: [69,40,126,112,58,126,112,58,126,112,41,32,58,32,21551,21160,26381,21153,58,126,112,22833,36133,58,126,112,126,110] [<0.123.0>,util,119,{essdb_sup,{db_sup,start_link,[]},permanent,brutal_kill,supervisor,[essdb_sup]},{error,{{shutdown,{failed_to_start_child,{essdb_client,<0.135.0>,1},{connection_error,{connection_error,econnrefused}}}},{child,undefined,essdb_sup,{db_sup,start_link,[]},permanent,brutal_kill,supervisor,[essdb_sup]}}}]
2015-11-28 07:15:49.974 [error] <0.122.0> CRASH REPORT Process <0.122.0> with 0 neighbours exited with reason: {{{shutdown,{failed_to_start_child,{essdb_client,<0.135.0>,1},{connection_error,{connection_error,econnrefused}}}},{child,undefined,essdb_sup,{db_sup,start_link,[]},permanent,brutal_kill,supervisor,[essdb_sup]}},{game,start,[normal,[]]}} in application_master:init/4 line 134
2015-11-28 07:15:49.974 [info] <0.7.0> Application game exited with reason: {{{shutdown,{failed_to_start_child,{essdb_client,<0.135.0>,1},{connection_error,{connection_error,econnrefused}}}},{child,undefined,essdb_sup,{db_sup,start_link,[]},permanent,brutal_kill,supervisor,[essdb_sup]}},{game,start,[normal,[]]}}
2015-11-28 07:15:49.974 [error] <0.2.0> FORMAT ERROR: [69,40,126,112,58,126,112,58,126,112,41,32,58,32,21551,21160,28216,25103,26381,21153,22120,20986,38169,58,126,112,58,126,112,10,115,116,97,99,101,116,114,97,99,101,58,126,112,126,110] [<0.2.0>,game,26,error,{badmatch,{error,{{{shutdown,{failed_to_start_child,{essdb_client,<0.135.0>,1},{connection_error,{connection_error,econnrefused}}}},{child,undefined,essdb_sup,{db_sup,start_link,[]},permanent,brutal_kill,supervisor,[essdb_sup]}},{game,start,[normal,[]]}}}},[{game,start,0,[{file,"src/game.erl"},{line,23}]},{init,start_it,1,[]},{init,start_em,1,[]}]]
2015-11-28 07:17:25.345 [info] <0.7.0> Application lager started on node cat@localhost
2015-11-28 07:17:25.400 [info] <0.7.0> Application inets started on node cat@localhost
2015-11-28 19:51:16.159 [info] <0.7.0> Application lager started on node cat@localhost
2015-11-28 19:51:16.195 [info] <0.7.0> Application sasl started on node cat@localhost
2015-11-28 19:51:16.207 [info] <0.7.0> Application ranch started on node cat@localhost
2015-11-28 19:51:16.225 [info] <0.7.0> Application crypto started on node cat@localhost
2015-11-28 19:51:16.231 [info] <0.7.0> Application cowlib started on node cat@localhost
2015-11-28 19:51:16.245 [info] <0.7.0> Application cowboy started on node cat@localhost
2015-11-28 19:51:16.301 [error] <0.97.0> CRASH REPORT Process <0.97.0> with 0 neighbours exited with reason: no match of right hand value {ok,<0.107.0>} in game_sup:start_link/1 line 31 in application_master:init/4 line 134
2015-11-28 19:51:16.301 [info] <0.7.0> Application game exited with reason: no match of right hand value {ok,<0.107.0>} in game_sup:start_link/1 line 31
2015-11-28 19:51:16.302 [error] <0.2.0> FORMAT ERROR: [69,40,126,112,58,126,112,58,126,112,41,32,58,32,21551,21160,28216,25103,26381,21153,22120,20986,38169,58,126,112,58,126,112,10,115,116,97,99,101,116,114,97,99,101,58,126,112,126,110] [<0.2.0>,game,26,error,{badmatch,{error,{bad_return,{{game,start,[normal,[]]},{'EXIT',{{badmatch,{ok,<0.107.0>}},[{game_sup,start_link,1,[{file,"src/game_sup.erl"},{line,31}]},{game,start,2,[{file,"src/game.erl"},{line,46}]},{application_master,start_supervisor,3,[{file,"application_master.erl"},{line,327}]},{application_master,start_the_app,5,[{file,"application_master.erl"},{line,309}]},{application_master,start_it_new,7,[{file,"application_master.erl"},{line,295}]}]}}}}}},[{game,start,0,[{file,"src/game.erl"},{line,23}]},{init,start_it,1,[]},{init,start_em,1,[]}]]
2015-11-28 19:52:05.655 [info] <0.7.0> Application lager started on node cat@localhost
2015-11-28 19:52:05.692 [info] <0.7.0> Application sasl started on node cat@localhost
2015-11-28 19:52:05.704 [info] <0.7.0> Application ranch started on node cat@localhost
2015-11-28 19:52:05.727 [info] <0.7.0> Application crypto started on node cat@localhost
2015-11-28 19:52:05.732 [info] <0.7.0> Application cowlib started on node cat@localhost
2015-11-28 19:52:05.745 [info] <0.7.0> Application cowboy started on node cat@localhost
2015-11-28 19:52:05.795 [error] <0.97.0> CRASH REPORT Process <0.97.0> with 0 neighbours exited with reason: no match of right hand value {ok,<0.107.0>} in game_sup:start_link/1 line 31 in application_master:init/4 line 134
2015-11-28 19:52:05.796 [info] <0.7.0> Application game exited with reason: no match of right hand value {ok,<0.107.0>} in game_sup:start_link/1 line 31
2015-11-28 19:52:05.796 [error] <0.2.0> FORMAT ERROR: [69,40,126,112,58,126,112,58,126,112,41,32,58,32,21551,21160,28216,25103,26381,21153,22120,20986,38169,58,126,112,58,126,112,10,115,116,97,99,101,116,114,97,99,101,58,126,112,126,110] [<0.2.0>,game,26,error,{badmatch,{error,{bad_return,{{game,start,[normal,[]]},{'EXIT',{{badmatch,{ok,<0.107.0>}},[{game_sup,start_link,1,[{file,"src/game_sup.erl"},{line,31}]},{game,start,2,[{file,"src/game.erl"},{line,46}]},{application_master,start_supervisor,3,[{file,"application_master.erl"},{line,327}]},{application_master,start_the_app,5,[{file,"application_master.erl"},{line,309}]},{application_master,start_it_new,7,[{file,"application_master.erl"},{line,295}]}]}}}}}},[{game,start,0,[{file,"src/game.erl"},{line,23}]},{init,start_it,1,[]},{init,start_em,1,[]}]]
2015-11-28 19:54:16.891 [info] <0.7.0> Application lager started on node cat@localhost
2015-11-28 19:54:16.921 [info] <0.7.0> Application sasl started on node cat@localhost
2015-11-28 19:54:16.932 [info] <0.7.0> Application ranch started on node cat@localhost
2015-11-28 19:54:16.950 [info] <0.7.0> Application crypto started on node cat@localhost
2015-11-28 19:54:16.954 [info] <0.7.0> Application cowlib started on node cat@localhost
2015-11-28 19:54:16.968 [info] <0.7.0> Application cowboy started on node cat@localhost
2015-11-28 19:54:17.173 [error] <0.98.0> FORMAT ERROR: [69,40,126,112,58,126,112,58,126,112,41,32,58,32,21551,21160,26381,21153,58,126,112,22833,36133,58,126,112,126,110] [<0.98.0>,util,119,{http_server,{cowboy,start_http,[http_server,10,[{port,8080}]],[{env,[{dispatch,[{'_',[],[{[],[],web_handler,[]}]}]}]}]},permanent,brutal_kill,supervisor,[http_server]},{error,{invalid_mfa,{cowboy,start_http,[http_server,10,[{port,8080}]],[{env,[{dispatch,[{'_',[],[{[],[],web_handler,[]}]}]}]}]}}}]
2015-11-28 19:54:17.180 [error] <0.97.0> CRASH REPORT Process <0.97.0> with 0 neighbours exited with reason: {{invalid_mfa,{cowboy,start_http,[http_server,10,[{port,8080}]],[{env,[{dispatch,[{'_',[],[{[],[],web_handler,[]}]}]}]}]}},{game,start,[normal,[]]}} in application_master:init/4 line 134
2015-11-28 19:54:17.181 [error] <0.87.0> Supervisor ranch_sup had child undefined started with ranch_listener_sup:start_link(role_sup, 10, ranch_tcp, [{port,9001}], role_server, []) at <0.165.0> exit with reason killed in context child_terminated
2015-11-28 19:54:17.182 [info] <0.7.0> Application game exited with reason: {{invalid_mfa,{cowboy,start_http,[http_server,10,[{port,8080}]],[{env,[{dispatch,[{'_',[],[{[],[],web_handler,[]}]}]}]}]}},{game,start,[normal,[]]}}
2015-11-28 19:54:17.184 [error] <0.166.0> CRASH REPORT Process <0.166.0> with 0 neighbours exited with reason: killed in ranch_conns_sup:terminate/3 line 235
2015-11-28 19:54:17.184 [error] <0.2.0> FORMAT ERROR: [69,40,126,112,58,126,112,58,126,112,41,32,58,32,21551,21160,28216,25103,26381,21153,22120,20986,38169,58,126,112,58,126,112,10,115,116,97,99,101,116,114,97,99,101,58,126,112,126,110] [<0.2.0>,game,26,error,{badmatch,{error,{{invalid_mfa,{cowboy,start_http,[http_server,10,[{port,8080}]],[{env,[{dispatch,[{'_',[],[{[],[],web_handler,[]}]}]}]}]}},{game,start,[normal,[]]}}}},[{game,start,0,[{file,"src/game.erl"},{line,23}]},{init,start_it,1,[]},{init,start_em,1,[]}]]
2015-11-28 19:54:17.186 [error] <0.167.0> gen_server <0.167.0> terminated with reason: killed
2015-11-28 19:54:17.192 [error] <0.180.0> Failed to start Ranch listener role_sup in ranch_tcp:listen([{port,9001}]) for reason eaddrinuse (address already in use)
2015-11-28 19:54:17.197 [error] <0.178.0> Supervisor {<0.178.0>,ranch_listener_sup} had child undefined started with ranch_acceptors_sup:start_link(role_sup, 10, ranch_tcp, [{port,9001}]) at undefined exit with reason {listen_error,role_sup,eaddrinuse} in context start_error
2015-11-28 19:54:17.201 [error] <0.180.0> CRASH REPORT Process <0.180.0> with 0 neighbours exited with reason: {listen_error,role_sup,eaddrinuse} in gen_server:init_it/6 line 352
2015-11-28 19:54:17.203 [error] <0.87.0> Supervisor ranch_sup had child undefined started with ranch_listener_sup:start_link(role_sup, 10, ranch_tcp, [{port,9001}], role_server, []) at <0.165.0> exit with reason {shutdown,{failed_to_start_child,ranch_acceptors_sup,{listen_error,role_sup,eaddrinuse}}} in context start_error
2015-11-28 19:56:41.322 [info] <0.7.0> Application lager started on node cat@localhost
2015-11-28 19:56:41.346 [info] <0.7.0> Application sasl started on node cat@localhost
2015-11-28 19:56:41.357 [info] <0.7.0> Application ranch started on node cat@localhost
2015-11-28 19:56:41.409 [info] <0.7.0> Application crypto started on node cat@localhost
2015-11-28 19:56:41.415 [info] <0.7.0> Application cowlib started on node cat@localhost
2015-11-28 19:56:41.428 [info] <0.7.0> Application cowboy started on node cat@localhost
2015-11-28 19:58:26.150 [info] <0.7.0> Application lager started on node cat@localhost
2015-11-28 19:58:26.181 [info] <0.7.0> Application sasl started on node cat@localhost
2015-11-28 19:58:26.193 [info] <0.7.0> Application ranch started on node cat@localhost
2015-11-28 19:58:26.214 [info] <0.7.0> Application crypto started on node cat@localhost
2015-11-28 19:58:26.220 [info] <0.7.0> Application cowlib started on node cat@localhost
2015-11-28 19:58:26.234 [info] <0.7.0> Application cowboy started on node cat@localhost
2015-11-28 20:00:24.029 [info] <0.7.0> Application lager started on node cat@localhost
2015-11-28 20:00:24.060 [info] <0.7.0> Application sasl started on node cat@localhost
2015-11-28 20:00:24.072 [info] <0.7.0> Application ranch started on node cat@localhost
2015-11-28 20:00:24.090 [info] <0.7.0> Application crypto started on node cat@localhost
2015-11-28 20:00:24.096 [info] <0.7.0> Application cowlib started on node cat@localhost
2015-11-28 20:00:24.109 [info] <0.7.0> Application cowboy started on node cat@localhost
2015-11-28 20:04:10.048 [info] <0.7.0> Application lager started on node cat@localhost
2015-11-28 20:04:10.077 [info] <0.7.0> Application sasl started on node cat@localhost
2015-11-28 20:04:10.090 [info] <0.7.0> Application ranch started on node cat@localhost
2015-11-28 20:04:10.109 [info] <0.7.0> Application crypto started on node cat@localhost
2015-11-28 20:04:10.114 [info] <0.7.0> Application cowlib started on node cat@localhost
2015-11-28 20:04:10.127 [info] <0.7.0> Application cowboy started on node cat@localhost
2015-11-28 20:04:36.741 [info] <0.7.0> Application lager started on node cat@localhost
2015-11-28 20:04:36.773 [info] <0.7.0> Application sasl started on node cat@localhost
2015-11-28 20:04:36.785 [info] <0.7.0> Application ranch started on node cat@localhost
2015-11-28 20:04:36.803 [info] <0.7.0> Application crypto started on node cat@localhost
2015-11-28 20:04:36.808 [info] <0.7.0> Application cowlib started on node cat@localhost
2015-11-28 20:04:36.822 [info] <0.7.0> Application cowboy started on node cat@localhost
2015-11-28 20:05:16.021 [info] <0.7.0> Application lager started on node cat@localhost
2015-11-28 20:05:16.048 [info] <0.7.0> Application sasl started on node cat@localhost
2015-11-28 20:05:16.060 [info] <0.7.0> Application ranch started on node cat@localhost
2015-11-28 20:05:16.078 [info] <0.7.0> Application crypto started on node cat@localhost
2015-11-28 20:05:16.083 [info] <0.7.0> Application cowlib started on node cat@localhost
2015-11-28 20:05:16.099 [info] <0.7.0> Application cowboy started on node cat@localhost
2015-11-28 20:05:16.244 [warning] <0.167.0> Transport option binary unknown or invalid.
2015-11-28 20:05:16.244 [warning] <0.167.0> Transport option {active,false} unknown or invalid.
2015-11-28 20:05:16.244 [warning] <0.167.0> Transport option {reuseaddr,true} unknown or invalid.
2015-11-28 20:05:16.252 [error] <0.98.0> FORMAT ERROR: [69,40,126,112,58,126,112,58,126,112,41,32,58,32,21551,21160,26381,21153,58,126,112,22833,36133,58,126,112,126,110] [<0.98.0>,util,119,{http_server,{cowboy,start_http,[http_server,10,[{port,8080}]],[{env,[{dispatch,[{'_',[],[{[],[],web_handler,[]}]}]}]}]},permanent,brutal_kill,supervisor,[http_server]},{error,{invalid_mfa,{cowboy,start_http,[http_server,10,[{port,8080}]],[{env,[{dispatch,[{'_',[],[{[],[],web_handler,[]}]}]}]}]}}}]
2015-11-28 20:05:16.262 [error] <0.97.0> CRASH REPORT Process <0.97.0> with 0 neighbours exited with reason: {{invalid_mfa,{cowboy,start_http,[http_server,10,[{port,8080}]],[{env,[{dispatch,[{'_',[],[{[],[],web_handler,[]}]}]}]}]}},{game,start,[normal,[]]}} in application_master:init/4 line 134
2015-11-28 20:05:16.262 [info] <0.7.0> Application game exited with reason: {{invalid_mfa,{cowboy,start_http,[http_server,10,[{port,8080}]],[{env,[{dispatch,[{'_',[],[{[],[],web_handler,[]}]}]}]}]}},{game,start,[normal,[]]}}
2015-11-28 20:05:16.262 [error] <0.87.0> Supervisor ranch_sup had child undefined started with ranch_listener_sup:start_link(role_sup, 10, ranch_tcp, [{port,9001},binary,{active,false},{reuseaddr,true},{delay_send,true},{nodelay,true},{send_timeout,...}], role_server, []) at <0.165.0> exit with reason killed in context child_terminated
2015-11-28 20:05:16.262 [error] <0.166.0> CRASH REPORT Process <0.166.0> with 0 neighbours exited with reason: killed in ranch_conns_sup:terminate/3 line 235
2015-11-28 20:05:16.262 [error] <0.2.0> FORMAT ERROR: [69,40,126,112,58,126,112,58,126,112,41,32,58,32,21551,21160,28216,25103,26381,21153,22120,20986,38169,58,126,112,58,126,112,10,115,116,97,99,101,116,114,97,99,101,58,126,112,126,110] [<0.2.0>,game,26,error,{badmatch,{error,{{invalid_mfa,{cowboy,start_http,[http_server,10,[{port,8080}]],[{env,[{dispatch,[{'_',[],[{[],[],web_handler,[]}]}]}]}]}},{game,start,[normal,[]]}}}},[{game,start,0,[{file,"src/game.erl"},{line,23}]},{init,start_it,1,[]},{init,start_em,1,[]}]]
2015-11-28 20:05:16.263 [warning] <0.180.0> Transport option binary unknown or invalid.
2015-11-28 20:05:16.263 [warning] <0.180.0> Transport option {active,false} unknown or invalid.
2015-11-28 20:07:00.552 [info] <0.7.0> Application lager started on node cat@localhost
2015-11-28 20:07:00.585 [info] <0.7.0> Application sasl started on node cat@localhost
2015-11-28 20:07:00.598 [info] <0.7.0> Application ranch started on node cat@localhost
2015-11-28 20:07:00.616 [info] <0.7.0> Application crypto started on node cat@localhost
2015-11-28 20:07:00.621 [info] <0.7.0> Application cowlib started on node cat@localhost
2015-11-28 20:07:00.634 [info] <0.7.0> Application cowboy started on node cat@localhost
2015-11-28 20:11:34.125 [warning] <0.6.0> lager_error_logger_h dropped 27 messages in the last second that exceeded the limit of 50 messages/sec
2015-11-28 20:11:34.125 [error] error Ranch listener role_sup terminated with reason: undef
2015-11-28 20:12:58.042 [error] error Ranch listener role_sup terminated with reason: undef
2015-11-28 20:13:05.785 [error] error Ranch listener role_sup terminated with reason: undef
2015-11-28 22:12:50.753 [info] <0.7.0> Application lager started on node cat@localhost
2015-11-28 22:12:50.791 [info] <0.7.0> Application sasl started on node cat@localhost
2015-11-28 22:12:50.803 [info] <0.7.0> Application ranch started on node cat@localhost
2015-11-28 22:12:50.821 [info] <0.7.0> Application crypto started on node cat@localhost
2015-11-28 22:12:50.826 [info] <0.7.0> Application cowlib started on node cat@localhost
2015-11-28 22:12:50.842 [info] <0.7.0> Application cowboy started on node cat@localhost
2015-11-28 22:12:51.000 [warning] <0.6.0> lager_error_logger_h dropped 25 messages in the last second that exceeded the limit of 50 messages/sec
2015-11-28 22:12:51.009 [info] <0.7.0> Application game started on node cat@localhost
2015-11-28 23:02:51.910 [info] <0.7.0> Application lager started on node cat@localhost
2015-11-28 23:02:51.939 [info] <0.7.0> Application sasl started on node cat@localhost
2015-11-28 23:02:51.951 [info] <0.7.0> Application ranch started on node cat@localhost
2015-11-28 23:02:51.972 [info] <0.7.0> Application crypto started on node cat@localhost
2015-11-28 23:02:51.977 [info] <0.7.0> Application cowlib started on node cat@localhost
2015-11-28 23:02:51.992 [info] <0.7.0> Application cowboy started on node cat@localhost
2015-11-28 23:02:52.025 [error] <0.97.0> CRASH REPORT Process <0.97.0> with 0 neighbours exited with reason: bad argument in game_sup:start_reloader/1 line 84 in application_master:init/4 line 134
2015-11-28 23:02:52.025 [info] <0.7.0> Application game exited with reason: bad argument in game_sup:start_reloader/1 line 84
2015-11-28 23:02:52.025 [error] <0.2.0> FORMAT ERROR: [69,40,126,112,58,126,112,58,126,112,41,32,58,32,21551,21160,28216,25103,26381,21153,22120,20986,38169,58,126,112,58,126,112,10,115,116,97,99,101,116,114,97,99,101,58,126,112,126,110] [<0.2.0>,game,26,error,{badmatch,{error,{bad_return,{{game,start,[normal,[]]},{'EXIT',{badarg,[{game_sup,start_reloader,1,[{file,"src/game_sup.erl"},{line,84}]},{game_sup,start_link,1,[{file,"src/game_sup.erl"},{line,34}]},{game,start,2,[{file,"src/game.erl"},{line,46}]},{application_master,start_supervisor,3,[{file,"application_master.erl"},{line,327}]},{application_master,start_the_app,5,[{file,"application_master.erl"},{line,309}]},{application_master,start_it_new,7,[{file,"application_master.erl"},{line,295}]}]}}}}}},[{game,start,0,[{file,"src/game.erl"},{line,23}]},{init,start_it,1,[]},{init,start_em,1,[]}]]
2015-11-28 23:06:06.735 [info] <0.7.0> Application lager started on node cat@localhost
2015-11-28 23:06:06.771 [info] <0.7.0> Application sasl started on node cat@localhost
2015-11-28 23:06:06.784 [info] <0.7.0> Application ranch started on node cat@localhost
2015-11-28 23:06:06.805 [info] <0.7.0> Application crypto started on node cat@localhost
2015-11-28 23:06:06.811 [info] <0.7.0> Application cowlib started on node cat@localhost
2015-11-28 23:06:06.828 [info] <0.7.0> Application cowboy started on node cat@localhost
2015-11-28 23:06:06.868 [error] <0.97.0> CRASH REPORT Process <0.97.0> with 0 neighbours exited with reason: bad argument in game_sup:start_reloader/1 line 84 in application_master:init/4 line 134
2015-11-28 23:06:06.868 [info] <0.7.0> Application game exited with reason: bad argument in game_sup:start_reloader/1 line 84
2015-11-28 23:06:06.869 [error] <0.2.0> FORMAT ERROR: [69,40,126,112,58,126,112,58,126,112,41,32,58,32,21551,21160,28216,25103,26381,21153,22120,20986,38169,58,126,112,58,126,112,10,115,116,97,99,101,116,114,97,99,101,58,126,112,126,110] [<0.2.0>,game,26,error,{badmatch,{error,{bad_return,{{game,start,[normal,[]]},{'EXIT',{badarg,[{game_sup,start_reloader,1,[{file,"src/game_sup.erl"},{line,84}]},{game_sup,start_link,1,[{file,"src/game_sup.erl"},{line,34}]},{game,start,2,[{file,"src/game.erl"},{line,46}]},{application_master,start_supervisor,3,[{file,"application_master.erl"},{line,327}]},{application_master,start_the_app,5,[{file,"application_master.erl"},{line,309}]},{application_master,start_it_new,7,[{file,"application_master.erl"},{line,295}]}]}}}}}},[{game,start,0,[{file,"src/game.erl"},{line,23}]},{init,start_it,1,[]},{init,start_em,1,[]}]]
2015-11-28 23:07:51.722 [info] <0.7.0> Application lager started on node cat@localhost
2015-11-28 23:07:51.755 [info] <0.7.0> Application sasl started on node cat@localhost
2015-11-28 23:07:51.766 [info] <0.7.0> Application ranch started on node cat@localhost
2015-11-28 23:07:51.784 [info] <0.7.0> Application crypto started on node cat@localhost
2015-11-28 23:07:51.789 [info] <0.7.0> Application cowlib started on node cat@localhost
2015-11-28 23:07:51.802 [info] <0.7.0> Application cowboy started on node cat@localhost
2015-11-28 23:07:51.833 [error] <0.97.0> CRASH REPORT Process <0.97.0> with 0 neighbours exited with reason: bad argument in game_sup:start_reloader/1 line 84 in application_master:init/4 line 134
2015-11-28 23:07:51.833 [info] <0.7.0> Application game exited with reason: bad argument in game_sup:start_reloader/1 line 84
2015-11-28 23:07:51.833 [error] <0.2.0> FORMAT ERROR: [69,40,126,112,58,126,112,58,126,112,41,32,58,32,21551,21160,28216,25103,26381,21153,22120,20986,38169,58,126,112,58,126,112,10,115,116,97,99,101,116,114,97,99,101,58,126,112,126,110] [<0.2.0>,game,26,error,{badmatch,{error,{bad_return,{{game,start,[normal,[]]},{'EXIT',{badarg,[{game_sup,start_reloader,1,[{file,"src/game_sup.erl"},{line,84}]},{game_sup,start_link,1,[{file,"src/game_sup.erl"},{line,34}]},{game,start,2,[{file,"src/game.erl"},{line,46}]},{application_master,start_supervisor,3,[{file,"application_master.erl"},{line,327}]},{application_master,start_the_app,5,[{file,"application_master.erl"},{line,309}]},{application_master,start_it_new,7,[{file,"application_master.erl"},{line,295}]}]}}}}}},[{game,start,0,[{file,"src/game.erl"},{line,23}]},{init,start_it,1,[]},{init,start_em,1,[]}]]
