2015-12-13 03:05:18 =SUPERVISOR REPORT====
     Supervisor: {local,ranch_sup}
     Context:    child_terminated
     Reason:     killed
     Offender:   [{pid,<0.269.0>},{id,{ranch_listener_sup,role_sup}},{mfargs,{ranch_listener_sup,start_link,[role_sup,10,ranch_tcp,[{port,9001},binary,{active,false},{reuseaddr,true},{delay_send,true},{nodelay,true},{send_timeout,8000},{max_connections,4000},{packet_size,2}],role_server,[]]}},{restart_type,permanent},{shutdown,infinity},{child_type,supervisor}]

2015-12-13 03:05:18 =CRASH REPORT====
  crasher:
    initial call: ranch_conns_sup:init/7
    pid: <0.270.0>
    registered_name: []
    exception exit: {killed,[{ranch_conns_sup,terminate,3,[{file,"src/ranch/ranch_conns_sup.erl"},{line,235}]},{proc_lib,init_p_do_apply,3,[{file,"proc_lib.erl"},{line,239}]}]}
    ancestors: [<0.269.0>,ranch_sup,<0.86.0>]
    messages: []
    links: []
    dictionary: []
    trap_exit: true
    status: running
    heap_size: 10958
    stack_size: 27
    reductions: 124
  neighbours:
2015-12-13 03:05:18 =ERROR REPORT====
** Generic server <0.271.0> terminating 
** Last message in was {'EXIT',<0.269.0>,killed}
** When Server state == {state,{<0.271.0>,ranch_acceptors_sup},one_for_one,[{child,<0.281.0>,{acceptor,<0.271.0>,10},{ranch_acceptor,start_link,[#Port<0.3155>,ranch_tcp,<0.270.0>]},permanent,brutal_kill,worker,[]},{child,<0.280.0>,{acceptor,<0.271.0>,9},{ranch_acceptor,start_link,[#Port<0.3155>,ranch_tcp,<0.270.0>]},permanent,brutal_kill,worker,[]},{child,<0.279.0>,{acceptor,<0.271.0>,8},{ranch_acceptor,start_link,[#Port<0.3155>,ranch_tcp,<0.270.0>]},permanent,brutal_kill,worker,[]},{child,<0.278.0>,{acceptor,<0.271.0>,7},{ranch_acceptor,start_link,[#Port<0.3155>,ranch_tcp,<0.270.0>]},permanent,brutal_kill,worker,[]},{child,<0.277.0>,{acceptor,<0.271.0>,6},{ranch_acceptor,start_link,[#Port<0.3155>,ranch_tcp,<0.270.0>]},permanent,brutal_kill,worker,[]},{child,<0.276.0>,{acceptor,<0.271.0>,5},{ranch_acceptor,start_link,[#Port<0.3155>,ranch_tcp,<0.270.0>]},permanent,brutal_kill,worker,[]},{child,<0.275.0>,{acceptor,<0.271.0>,4},{ranch_acceptor,start_link,[#Port<0.3155>,ranch_tcp,<0.270.0>]},permanent,brutal_kill,worker,[]},{child,<0.274.0>,{acceptor,<0.271.0>,3},{ranch_acceptor,start_link,[#Port<0.3155>,ranch_tcp,<0.270.0>]},permanent,brutal_kill,worker,[]},{child,<0.273.0>,{acceptor,<0.271.0>,2},{ranch_acceptor,start_link,[#Port<0.3155>,ranch_tcp,<0.270.0>]},permanent,brutal_kill,worker,[]},{child,<0.272.0>,{acceptor,<0.271.0>,1},{ranch_acceptor,start_link,[#Port<0.3155>,ranch_tcp,<0.270.0>]},permanent,brutal_kill,worker,[]}],undefined,10,10,[],ranch_acceptors_sup,[role_sup,10,ranch_tcp,[{port,9001},binary,{active,false},{reuseaddr,true},{delay_send,true},{nodelay,true},{send_timeout,8000},{max_connections,4000},{packet_size,2}]]}
** Reason for termination == 
** killed
2015-12-13 03:05:18 =ERROR REPORT====
Failed to start Ranch listener role_sup in ranch_tcp:listen([{port,9001},binary,{active,false},{reuseaddr,true},{delay_send,true},{nodelay,true},{send_timeout,8000},{packet_size,2}]) for reason eaddrinuse (address already in use)
2015-12-13 03:05:18 =CRASH REPORT====
  crasher:
    initial call: supervisor:ranch_acceptors_sup/1
    pid: <0.306.0>
    registered_name: []
    exception exit: {{listen_error,role_sup,eaddrinuse},[{gen_server,init_it,6,[{file,"gen_server.erl"},{line,352}]},{proc_lib,init_p_do_apply,3,[{file,"proc_lib.erl"},{line,239}]}]}
    ancestors: [<0.304.0>,ranch_sup,<0.86.0>]
    messages: []
    links: [<0.304.0>]
    dictionary: []
    trap_exit: true
    status: running
    heap_size: 10958
    stack_size: 27
    reductions: 855
  neighbours:
2015-12-13 03:05:18 =SUPERVISOR REPORT====
     Supervisor: {<0.304.0>,ranch_listener_sup}
     Context:    start_error
     Reason:     {listen_error,role_sup,eaddrinuse}
     Offender:   [{pid,undefined},{id,ranch_acceptors_sup},{mfargs,{ranch_acceptors_sup,start_link,[role_sup,10,ranch_tcp,[{port,9001},binary,{active,false},{reuseaddr,true},{delay_send,true},{nodelay,true},{send_timeout,8000},{max_connections,4000},{packet_size,2}]]}},{restart_type,permanent},{shutdown,infinity},{child_type,supervisor}]

2015-12-13 03:05:18 =SUPERVISOR REPORT====
     Supervisor: {local,ranch_sup}
     Context:    start_error
     Reason:     {shutdown,{failed_to_start_child,ranch_acceptors_sup,{listen_error,role_sup,eaddrinuse}}}
     Offender:   [{pid,<0.269.0>},{id,{ranch_listener_sup,role_sup}},{mfargs,{ranch_listener_sup,start_link,[role_sup,10,ranch_tcp,[{port,9001},binary,{active,false},{reuseaddr,true},{delay_send,true},{nodelay,true},{send_timeout,8000},{max_connections,4000},{packet_size,2}],role_server,[]]}},{restart_type,permanent},{shutdown,infinity},{child_type,supervisor}]

2015-12-13 03:05:18 =ERROR REPORT====
Failed to start Ranch listener role_sup in ranch_tcp:listen([{port,9001},binary,{active,false},{reuseaddr,true},{delay_send,true},{nodelay,true},{send_timeout,8000},{packet_size,2}]) for reason eaddrinuse (address already in use)
2015-12-13 03:05:18 =CRASH REPORT====
  crasher:
    initial call: supervisor:ranch_acceptors_sup/1
    pid: <0.312.0>
    registered_name: []
    exception exit: {{listen_error,role_sup,eaddrinuse},[{gen_server,init_it,6,[{file,"gen_server.erl"},{line,352}]},{proc_lib,init_p_do_apply,3,[{file,"proc_lib.erl"},{line,239}]}]}
    ancestors: [<0.310.0>,ranch_sup,<0.86.0>]
    messages: []
    links: [<0.310.0>]
    dictionary: []
    trap_exit: true
    status: running
    heap_size: 10958
    stack_size: 27
    reductions: 935
  neighbours:
2015-12-13 03:05:18 =SUPERVISOR REPORT====
     Supervisor: {<0.310.0>,ranch_listener_sup}
     Context:    start_error
     Reason:     {listen_error,role_sup,eaddrinuse}
     Offender:   [{pid,undefined},{id,ranch_acceptors_sup},{mfargs,{ranch_acceptors_sup,start_link,[role_sup,10,ranch_tcp,[{port,9001},binary,{active,false},{reuseaddr,true},{delay_send,true},{nodelay,true},{send_timeout,8000},{max_connections,4000},{packet_size,2}]]}},{restart_type,permanent},{shutdown,infinity},{child_type,supervisor}]

2015-12-13 03:05:18 =SUPERVISOR REPORT====
     Supervisor: {local,ranch_sup}
     Context:    start_error
     Reason:     {shutdown,{failed_to_start_child,ranch_acceptors_sup,{listen_error,role_sup,eaddrinuse}}}
     Offender:   [{pid,{restarting,<0.269.0>}},{id,{ranch_listener_sup,role_sup}},{mfargs,{ranch_listener_sup,start_link,[role_sup,10,ranch_tcp,[{port,9001},binary,{active,false},{reuseaddr,true},{delay_send,true},{nodelay,true},{send_timeout,8000},{max_connections,4000},{packet_size,2}],role_server,[]]}},{restart_type,permanent},{shutdown,infinity},{child_type,supervisor}]

2015-12-13 03:05:18 =ERROR REPORT====
Failed to start Ranch listener role_sup in ranch_tcp:listen([{port,9001},binary,{active,false},{reuseaddr,true},{delay_send,true},{nodelay,true},{send_timeout,8000},{packet_size,2}]) for reason eaddrinuse (address already in use)
2015-12-13 03:05:18 =CRASH REPORT====
  crasher:
    initial call: supervisor:ranch_acceptors_sup/1
    pid: <0.316.0>
    registered_name: []
    exception exit: {{listen_error,role_sup,eaddrinuse},[{gen_server,init_it,6,[{file,"gen_server.erl"},{line,352}]},{proc_lib,init_p_do_apply,3,[{file,"proc_lib.erl"},{line,239}]}]}
    ancestors: [<0.314.0>,ranch_sup,<0.86.0>]
    messages: []
    links: [<0.314.0>]
    dictionary: []
    trap_exit: true
    status: running
    heap_size: 10958
    stack_size: 27
    reductions: 1063
  neighbours:
2015-12-13 03:05:18 =SUPERVISOR REPORT====
     Supervisor: {<0.314.0>,ranch_listener_sup}
     Context:    start_error
     Reason:     {listen_error,role_sup,eaddrinuse}
     Offender:   [{pid,undefined},{id,ranch_acceptors_sup},{mfargs,{ranch_acceptors_sup,start_link,[role_sup,10,ranch_tcp,[{port,9001},binary,{active,false},{reuseaddr,true},{delay_send,true},{nodelay,true},{send_timeout,8000},{max_connections,4000},{packet_size,2}]]}},{restart_type,permanent},{shutdown,infinity},{child_type,supervisor}]

2015-12-13 03:05:18 =SUPERVISOR REPORT====
     Supervisor: {local,ranch_sup}
     Context:    start_error
     Reason:     {shutdown,{failed_to_start_child,ranch_acceptors_sup,{listen_error,role_sup,eaddrinuse}}}
     Offender:   [{pid,{restarting,<0.269.0>}},{id,{ranch_listener_sup,role_sup}},{mfargs,{ranch_listener_sup,start_link,[role_sup,10,ranch_tcp,[{port,9001},binary,{active,false},{reuseaddr,true},{delay_send,true},{nodelay,true},{send_timeout,8000},{max_connections,4000},{packet_size,2}],role_server,[]]}},{restart_type,permanent},{shutdown,infinity},{child_type,supervisor}]

2015-12-13 03:05:18 =ERROR REPORT====
Failed to start Ranch listener role_sup in ranch_tcp:listen([{port,9001},binary,{active,false},{reuseaddr,true},{delay_send,true},{nodelay,true},{send_timeout,8000},{packet_size,2}]) for reason eaddrinuse (address already in use)
2015-12-13 03:05:18 =CRASH REPORT====
  crasher:
    initial call: supervisor:ranch_acceptors_sup/1
    pid: <0.320.0>
    registered_name: []
    exception exit: {{listen_error,role_sup,eaddrinuse},[{gen_server,init_it,6,[{file,"gen_server.erl"},{line,352}]},{proc_lib,init_p_do_apply,3,[{file,"proc_lib.erl"},{line,239}]}]}
    ancestors: [<0.318.0>,ranch_sup,<0.86.0>]
    messages: []
    links: [<0.318.0>]
    dictionary: []
    trap_exit: true
    status: running
    heap_size: 10958
    stack_size: 27
    reductions: 1199
  neighbours:
2015-12-13 03:05:18 =SUPERVISOR REPORT====
     Supervisor: {<0.318.0>,ranch_listener_sup}
     Context:    start_error
     Reason:     {listen_error,role_sup,eaddrinuse}
     Offender:   [{pid,undefined},{id,ranch_acceptors_sup},{mfargs,{ranch_acceptors_sup,start_link,[role_sup,10,ranch_tcp,[{port,9001},binary,{active,false},{reuseaddr,true},{delay_send,true},{nodelay,true},{send_timeout,8000},{max_connections,4000},{packet_size,2}]]}},{restart_type,permanent},{shutdown,infinity},{child_type,supervisor}]

2015-12-13 03:05:18 =SUPERVISOR REPORT====
     Supervisor: {local,ranch_sup}
     Context:    start_error
     Reason:     {shutdown,{failed_to_start_child,ranch_acceptors_sup,{listen_error,role_sup,eaddrinuse}}}
     Offender:   [{pid,{restarting,<0.269.0>}},{id,{ranch_listener_sup,role_sup}},{mfargs,{ranch_listener_sup,start_link,[role_sup,10,ranch_tcp,[{port,9001},binary,{active,false},{reuseaddr,true},{delay_send,true},{nodelay,true},{send_timeout,8000},{max_connections,4000},{packet_size,2}],role_server,[]]}},{restart_type,permanent},{shutdown,infinity},{child_type,supervisor}]

2015-12-13 03:05:18 =ERROR REPORT====
Failed to start Ranch listener role_sup in ranch_tcp:listen([{port,9001},binary,{active,false},{reuseaddr,true},{delay_send,true},{nodelay,true},{send_timeout,8000},{packet_size,2}]) for reason eaddrinuse (address already in use)
2015-12-13 03:05:18 =CRASH REPORT====
  crasher:
    initial call: supervisor:ranch_acceptors_sup/1
    pid: <0.324.0>
    registered_name: []
    exception exit: {{listen_error,role_sup,eaddrinuse},[{gen_server,init_it,6,[{file,"gen_server.erl"},{line,352}]},{proc_lib,init_p_do_apply,3,[{file,"proc_lib.erl"},{line,239}]}]}
    ancestors: [<0.322.0>,ranch_sup,<0.86.0>]
    messages: []
    links: [<0.322.0>]
    dictionary: []
    trap_exit: true
    status: running
    heap_size: 10958
    stack_size: 27
    reductions: 927
  neighbours:
2015-12-13 03:05:18 =SUPERVISOR REPORT====
     Supervisor: {<0.322.0>,ranch_listener_sup}
     Context:    start_error
     Reason:     {listen_error,role_sup,eaddrinuse}
     Offender:   [{pid,undefined},{id,ranch_acceptors_sup},{mfargs,{ranch_acceptors_sup,start_link,[role_sup,10,ranch_tcp,[{port,9001},binary,{active,false},{reuseaddr,true},{delay_send,true},{nodelay,true},{send_timeout,8000},{max_connections,4000},{packet_size,2}]]}},{restart_type,permanent},{shutdown,infinity},{child_type,supervisor}]

2015-12-13 03:05:18 =SUPERVISOR REPORT====
     Supervisor: {local,ranch_sup}
     Context:    start_error
     Reason:     {shutdown,{failed_to_start_child,ranch_acceptors_sup,{listen_error,role_sup,eaddrinuse}}}
     Offender:   [{pid,{restarting,<0.269.0>}},{id,{ranch_listener_sup,role_sup}},{mfargs,{ranch_listener_sup,start_link,[role_sup,10,ranch_tcp,[{port,9001},binary,{active,false},{reuseaddr,true},{delay_send,true},{nodelay,true},{send_timeout,8000},{max_connections,4000},{packet_size,2}],role_server,[]]}},{restart_type,permanent},{shutdown,infinity},{child_type,supervisor}]

2015-12-13 03:08:10 =SUPERVISOR REPORT====
     Supervisor: {local,game_sup}
     Context:    shutdown_error
     Reason:     noproc
     Offender:   [{pid,<0.269.0>},{id,role_sup},{mfargs,{ranch,start_listener,[role_sup,10,ranch_tcp,[{port,9001},binary,{active,false},{reuseaddr,true},{delay_send,true},{nodelay,true},{send_timeout,8000},{max_connections,4000},{packet_size,2}],role_server,[]]}},{restart_type,permanent},{shutdown,brutal_kill},{child_type,supervisor}]

2015-12-13 07:22:41 =ERROR REPORT====
** Generic server <0.302.0> terminating 
** Last message in was {tcp,#Port<0.3221>,<<0,1>>}
** When Server state == {role,0,undefined,<<>>,#Port<0.3221>,<0.302.0>,0,1,0,0,2,false,none,<<>>,ranch_tcp,0,{{2015,12,13},{7,22,11}},undefined,undefined,0,0}
** Reason for termination == 
** {'module could not be loaded',[{wg_logger,error_msg,[role_server,231,"role terminate when login_state is ?ROLE_LOGIN_WAITING:~p",[{bad_return_value,{reply,ok,{role,0,undefined,<<>>,#Port<0.3221>,<0.302.0>,0,1,0,0,2,false,none,<<>>,ranch_tcp,0,{{2015,12,13},{7,22,11}},undefined,undefined,0,0}}}]],[]},{role_server,terminate,2,[{file,"src/role_server.erl"},{line,231}]},{gen_server,try_terminate,3,[{file,"gen_server.erl"},{line,643}]},{gen_server,terminate,7,[{file,"gen_server.erl"},{line,809}]},{proc_lib,init_p_do_apply,3,[{file,"proc_lib.erl"},{line,239}]}]}
2015-12-13 07:22:41 =CRASH REPORT====
  crasher:
    initial call: role_server:init/4
    pid: <0.302.0>
    registered_name: []
    exception exit: {{undef,[{wg_logger,error_msg,[role_server,231,"role terminate when login_state is ?ROLE_LOGIN_WAITING:~p",[{bad_return_value,{reply,ok,{role,0,undefined,<<>>,#Port<0.3221>,<0.302.0>,0,1,0,0,2,false,none,<<>>,ranch_tcp,0,{{2015,12,13},{7,22,11}},undefined,undefined,0,0}}}]],[]},{role_server,terminate,2,[{file,"src/role_server.erl"},{line,231}]},{gen_server,try_terminate,3,[{file,"gen_server.erl"},{line,643}]},{gen_server,terminate,7,[{file,"gen_server.erl"},{line,809}]},{proc_lib,init_p_do_apply,3,[{file,"proc_lib.erl"},{line,239}]}]},[{gen_server,terminate,7,[{file,"gen_server.erl"},{line,814}]},{proc_lib,init_p_do_apply,3,[{file,"proc_lib.erl"},{line,239}]}]}
    ancestors: [<0.212.0>,<0.211.0>,ranch_sup,<0.84.0>]
    messages: []
    links: [<0.212.0>,#Port<0.3221>]
    dictionary: [{'$pid_type',2},{random_seed,{1451,20127,29464}},{{proc_timer_ref,#Ref<0.0.4.8>},{timer_data,mod_heart,20000,check_heart_timeout,true,1450020146848}},{proc_timer_list,[#Ref<0.0.4.8>]}]
    trap_exit: true
    status: running
    heap_size: 10958
    stack_size: 27
    reductions: 5151
  neighbours:
2015-12-13 07:22:41 =ERROR REPORT====
Ranch listener role_sup had connection process started with role_server:start_link/4 at <0.302.0> exit with reason: {undef,[{wg_logger,error_msg,[role_server,231,"role terminate when login_state is ?ROLE_LOGIN_WAITING:~p",[{bad_return_value,{reply,ok,{role,0,undefined,<<>>,#Port<0.3221>,<0.302.0>,0,1,0,0,2,false,none,<<>>,ranch_tcp,0,{{2015,12,13},{7,22,11}},undefined,undefined,0,0}}}]],[]},{role_server,terminate,2,[{file,"src/role_server.erl"},{line,231}]},{gen_server,try_terminate,3,[{file,"gen_server.erl"},{line,643}]},{gen_server,terminate,7,[{file,"gen_server.erl"},{line,809}]},{proc_lib,init_p_do_apply,3,[{file,"proc_lib.erl"},{line,239}]}]}
