2015-12-12 00:03:57.985 [error] <0.98.0>@game_sup:start_reloader:84 reloader start
2015-12-13 02:59:57.709 [error] <0.205.0>@game_sup:start_reloader:77 reloader start
2015-12-13 03:00:42.294 [error] <0.205.0>@game_sup:start_reloader:77 reloader start
2015-12-13 03:00:54.404 [error] <0.285.0>@game_ctl:process:96 ********* stop error:function_clause
2015-12-13 03:01:33.147 [error] <0.293.0>@game_ctl:process:96 ********* stop error:function_clause
2015-12-13 03:04:42.336 [error] <0.302.0>@game_ctl:process:96 ********* stop error:function_clause
2015-12-13 03:05:18.156 [error] <0.87.0> Supervisor ranch_sup had child undefined started with ranch_listener_sup:start_link(role_sup, 10, ranch_tcp, [{port,9001},binary,{active,false},{reuseaddr,true},{delay_send,true},{nodelay,true},{send_timeout,...},...], role_server, []) at <0.269.0> exit with reason killed in context child_terminated
2015-12-13 03:05:18.156 [error] <0.270.0> CRASH REPORT Process <0.270.0> with 0 neighbours exited with reason: killed in ranch_conns_sup:terminate/3 line 235
2015-12-13 03:05:18.157 [error] <0.271.0> gen_server <0.271.0> terminated with reason: killed
2015-12-13 03:05:18.162 [error] <0.306.0> Failed to start Ranch listener role_sup in ranch_tcp:listen([{port,9001},binary,{active,false},{reuseaddr,true},{delay_send,true},{nodelay,true},{send_timeout,8000},{packet_size,2}]) for reason eaddrinuse (address already in use)
2015-12-13 03:05:18.162 [error] <0.306.0> CRASH REPORT Process <0.306.0> with 0 neighbours exited with reason: {listen_error,role_sup,eaddrinuse} in gen_server:init_it/6 line 352
2015-12-13 03:05:18.163 [error] <0.304.0> Supervisor {<0.304.0>,ranch_listener_sup} had child undefined started with ranch_acceptors_sup:start_link(role_sup, 10, ranch_tcp, [{port,9001},binary,{active,false},{reuseaddr,true},{delay_send,true},{nodelay,true},{send_timeout,...},...]) at undefined exit with reason {listen_error,role_sup,eaddrinuse} in context start_error
2015-12-13 03:05:18.163 [error] <0.87.0> Supervisor ranch_sup had child undefined started with ranch_listener_sup:start_link(role_sup, 10, ranch_tcp, [{port,9001},binary,{active,false},{reuseaddr,true},{delay_send,true},{nodelay,true},{send_timeout,...},...], role_server, []) at <0.269.0> exit with reason {shutdown,{failed_to_start_child,ranch_acceptors_sup,{listen_error,role_sup,eaddrinuse}}} in context start_error
2015-12-13 03:05:18.164 [error] <0.312.0> Failed to start Ranch listener role_sup in ranch_tcp:listen([{port,9001},binary,{active,false},{reuseaddr,true},{delay_send,true},{nodelay,true},{send_timeout,8000},{packet_size,2}]) for reason eaddrinuse (address already in use)
2015-12-13 03:05:18.164 [error] <0.312.0> CRASH REPORT Process <0.312.0> with 0 neighbours exited with reason: {listen_error,role_sup,eaddrinuse} in gen_server:init_it/6 line 352
2015-12-13 03:05:18.165 [error] <0.310.0> Supervisor {<0.310.0>,ranch_listener_sup} had child undefined started with ranch_acceptors_sup:start_link(role_sup, 10, ranch_tcp, [{port,9001},binary,{active,false},{reuseaddr,true},{delay_send,true},{nodelay,true},{send_timeout,...},...]) at undefined exit with reason {listen_error,role_sup,eaddrinuse} in context start_error
2015-12-13 03:05:18.165 [error] <0.87.0> Supervisor ranch_sup had child undefined started with ranch_listener_sup:start_link(role_sup, 10, ranch_tcp, [{port,9001},binary,{active,false},{reuseaddr,true},{delay_send,true},{nodelay,true},{send_timeout,...},...], role_server, []) at {restarting,<0.269.0>} exit with reason {shutdown,{failed_to_start_child,ranch_acceptors_sup,{listen_error,role_sup,eaddrinuse}}} in context start_error
2015-12-13 03:05:18.166 [error] <0.316.0> Failed to start Ranch listener role_sup in ranch_tcp:listen([{port,9001},binary,{active,false},{reuseaddr,true},{delay_send,true},{nodelay,true},{send_timeout,8000},{packet_size,2}]) for reason eaddrinuse (address already in use)
2015-12-13 03:05:18.166 [error] <0.316.0> CRASH REPORT Process <0.316.0> with 0 neighbours exited with reason: {listen_error,role_sup,eaddrinuse} in gen_server:init_it/6 line 352
2015-12-13 03:05:18.167 [error] <0.314.0> Supervisor {<0.314.0>,ranch_listener_sup} had child undefined started with ranch_acceptors_sup:start_link(role_sup, 10, ranch_tcp, [{port,9001},binary,{active,false},{reuseaddr,true},{delay_send,true},{nodelay,true},{send_timeout,...},...]) at undefined exit with reason {listen_error,role_sup,eaddrinuse} in context start_error
2015-12-13 03:05:18.167 [error] <0.87.0> Supervisor ranch_sup had child undefined started with ranch_listener_sup:start_link(role_sup, 10, ranch_tcp, [{port,9001},binary,{active,false},{reuseaddr,true},{delay_send,true},{nodelay,true},{send_timeout,...},...], role_server, []) at {restarting,<0.269.0>} exit with reason {shutdown,{failed_to_start_child,ranch_acceptors_sup,{listen_error,role_sup,eaddrinuse}}} in context start_error
2015-12-13 03:05:18.168 [error] <0.320.0> Failed to start Ranch listener role_sup in ranch_tcp:listen([{port,9001},binary,{active,false},{reuseaddr,true},{delay_send,true},{nodelay,true},{send_timeout,8000},{packet_size,2}]) for reason eaddrinuse (address already in use)
2015-12-13 03:05:18.168 [error] <0.320.0> CRASH REPORT Process <0.320.0> with 0 neighbours exited with reason: {listen_error,role_sup,eaddrinuse} in gen_server:init_it/6 line 352
2015-12-13 03:05:18.175 [error] <0.318.0> Supervisor {<0.318.0>,ranch_listener_sup} had child undefined started with ranch_acceptors_sup:start_link(role_sup, 10, ranch_tcp, [{port,9001},binary,{active,false},{reuseaddr,true},{delay_send,true},{nodelay,true},{send_timeout,...},...]) at undefined exit with reason {listen_error,role_sup,eaddrinuse} in context start_error
2015-12-13 03:05:18.175 [error] <0.87.0> Supervisor ranch_sup had child undefined started with ranch_listener_sup:start_link(role_sup, 10, ranch_tcp, [{port,9001},binary,{active,false},{reuseaddr,true},{delay_send,true},{nodelay,true},{send_timeout,...},...], role_server, []) at {restarting,<0.269.0>} exit with reason {shutdown,{failed_to_start_child,ranch_acceptors_sup,{listen_error,role_sup,eaddrinuse}}} in context start_error
2015-12-13 03:05:18.176 [error] <0.324.0> Failed to start Ranch listener role_sup in ranch_tcp:listen([{port,9001},binary,{active,false},{reuseaddr,true},{delay_send,true},{nodelay,true},{send_timeout,8000},{packet_size,2}]) for reason eaddrinuse (address already in use)
2015-12-13 03:05:18.176 [error] <0.324.0> CRASH REPORT Process <0.324.0> with 0 neighbours exited with reason: {listen_error,role_sup,eaddrinuse} in gen_server:init_it/6 line 352
2015-12-13 03:05:18.177 [error] <0.322.0> Supervisor {<0.322.0>,ranch_listener_sup} had child undefined started with ranch_acceptors_sup:start_link(role_sup, 10, ranch_tcp, [{port,9001},binary,{active,false},{reuseaddr,true},{delay_send,true},{nodelay,true},{send_timeout,...},...]) at undefined exit with reason {listen_error,role_sup,eaddrinuse} in context start_error
2015-12-13 03:05:18.177 [error] <0.87.0> Supervisor ranch_sup had child undefined started with ranch_listener_sup:start_link(role_sup, 10, ranch_tcp, [{port,9001},binary,{active,false},{reuseaddr,true},{delay_send,true},{nodelay,true},{send_timeout,...},...], role_server, []) at {restarting,<0.269.0>} exit with reason {shutdown,{failed_to_start_child,ranch_acceptors_sup,{listen_error,role_sup,eaddrinuse}}} in context start_error
2015-12-13 03:07:33.882 [error] <0.205.0>@game_sup:start_reloader:77 reloader start
2015-12-13 03:08:10.851 [error] <0.209.0> Supervisor game_sup had child undefined started with ranch:start_listener(role_sup, 10, ranch_tcp, [{port,9001},binary,{active,false},{reuseaddr,true},{delay_send,true},{nodelay,true},{send_timeout,...},...], role_server, []) at <0.269.0> exit with reason noproc in context shutdown_error
2015-12-13 03:09:30.311 [error] <0.98.0>@http_server_app:stop:20 http_server_app stoped []
2015-12-13 03:17:19.465 [error] <0.205.0>@game_sup:start_reloader:77 reloader start
2015-12-13 03:21:23.525 [error] <0.205.0>@game_sup:start_reloader:67 reloader start
2015-12-13 03:21:45.183 [error] <0.286.0>@game_ctl:process:96 ********* stop error:function_clause
2015-12-13 06:12:55.048 [error] <0.205.0>@game_sup:start_reloader:67 reloader start
2015-12-13 06:15:34.737 [error] <0.205.0>@game_sup:start_reloader:67 reloader start
2015-12-13 06:15:42.761 [error] <0.285.0>@game_ctl:process:96 ********* stop error:function_clause
2015-12-13 06:20:48.139 [error] <0.98.0>@http_server_app:stop:20 http_server_app stoped []
2015-12-13 06:21:06.716 [error] <0.205.0>@game_sup:start_reloader:67 reloader start
2015-12-13 06:26:57.273 [error] <0.203.0>@game_sup:start_reloader:67 reloader start
2015-12-13 06:26:57.287 [error] <0.2.0>@game:start:27 application start error:error:{badmatch,{error,{bad_return,{{game,start,[normal,[]]},{'EXIT',{undef,[{wg_logger,debug_msg,[gen_mod,300,"mod->event list:~p",[[]]],[]},{gen_mod,do_compile_event,1,[{file,"src/mod/gen_mod.erl"},{line,300}]},{gen_mod,init,0,[{file,"src/mod/gen_mod.erl"},{line,111}]},{game_sup,start_link,1,[{file,"src/game_sup.erl"},{line,27}]},{game,start,2,[{file,"src/game.erl"},{line,42}]},{application_master,start_supervisor,3,[{file,"application_master.erl"},{line,327}]},{application_master,start_the_app,5,[{file,"application_master.erl"},{line,309}]},{application_master,start_it_new,7,[{file,"application_master.erl"},{line,295}]}]}}}}}}
2015-12-13 06:26:57.289 [error] <0.96.0>@http_server_app:stop:20 http_server_app stoped []
2015-12-13 06:33:35.260 [error] <0.2.0>@game:start:27 application start error:error:{badmatch,{error,{bad_return,{{game,start,[normal,[]]},{'EXIT',{undef,[{wg_logger,info_msg,[log_init,17,[21551,21160,36923,36753,108,111,103,32,115,101,114,118,101,114],[]],[]},{log_init,start,1,[{file,"src/log/log_init.erl"},{line,17}]},{game,start,2,[{file,"src/game.erl"},{line,43}]},{application_master,start_supervisor,3,[{file,"application_master.erl"},{line,327}]},{application_master,start_the_app,5,[{file,"application_master.erl"},{line,309}]},{application_master,start_it_new,7,[{file,"application_master.erl"},{line,295}]}]}}}}}}
2015-12-13 06:33:35.263 [error] <0.96.0>@http_server_app:stop:20 http_server_app stoped []
2015-12-13 06:35:00.058 [error] <0.96.0>@http_server_app:stop:20 http_server_app stoped []
2015-12-13 06:37:27.387 [error] <0.280.0>@role_server:do_info:489 unknow info request: {tcp,#Port<0.3150>,<<0,1>>}
2015-12-13 06:39:36.160 [error] <0.281.0>@role_server:do_info:489 unknow info request: {tcp,#Port<0.3167>,<<0,1>>}
2015-12-13 06:40:01.619 [error] <0.283.0>@role_server:do_info:489 role_server unknown info request: {tcp,#Port<0.3178>,<<0,1>>}, State = 1
2015-12-13 06:47:50.386 [error] <0.285.0>@role_server:do_info:504 role_server unknown info request: {tcp,#Port<0.3182>,<<0,1>>}, State = 1
2015-12-13 06:49:25.999 [error] <0.287.0>@role_server:do_info:506 role_server unknown info request: {tcp_closed,#Port<0.3186>}, State = 1
2015-12-13 06:49:46.318 [error] <0.288.0>@role_server:handle_info:223 handle info:{tcp,#Port<0.3187>,<<0,1>>} error
error:undef
2015-12-13 06:52:25.223 [error] <0.291.0>@role_server:handle_info:223 handle info:{tcp,#Port<0.3194>,<<0,1>>} error
error:undef
2015-12-13 06:54:18.227 [error] <0.295.0>@role_server:handle_info:223 handle info:{tcp,#Port<0.3213>,<<0,1>>} error
error:undef
2015-12-13 07:21:48.421 [error] <0.294.0>@role_server:do_info:507 role_server unknown info request: {tcp_closed,#Port<0.3212>}, State = 1
2015-12-13 07:22:41.898 [error] <0.302.0>@role_server:handle_c2s_reply:556 player0handle_c2s0-1:<<>> error:{undef,[{mod_unknown,handle_c2s,[1,<<>>,{role,0,undefined,<<>>,#Port<0.3221>,<0.302.0>,0,1,0,0,2,false,none,<<>>,ranch_tcp,0,{{2015,12,13},{7,22,11}},undefined,undefined,0,0}],[]},{role_server,handle_c2s,4,[{file,"src/role_server.erl"},{line,537}]},{role_server,do_info,2,[{file,"src/role_server.erl"},{line,462}]},{role_server,handle_info,2,[{file,"src/role_server.erl"},{line,223}]},{gen_server,try_dispatch,4,[{file,"gen_server.erl"},{line,615}]},{gen_server,handle_msg,5,[{file,"gen_server.erl"},{line,681}]},{proc_lib,init_p_do_apply,3,[{file,"proc_lib.erl"},{line,239}]}]}
2015-12-13 07:22:41.903 [error] <0.302.0> gen_server <0.302.0> terminated with reason: {'module could not be loaded',[{wg_logger,error_msg,[role_server,231,"role terminate when login_state is ?ROLE_LOGIN_WAITING:~p",[{bad_return_value,{reply,ok,{role,0,undefined,<<>>,#Port<0.3221>,<0.302.0>,0,1,0,0,2,false,none,<<>>,ranch_tcp,0,{{2015,12,13},{7,22,11}},undefined,undefined,0,0}}}]],[]},{role_server,terminate,2,[{file,"src/role_server.erl"},{line,231}]},{gen_server,try_terminate,3,[{file,"gen_server.erl"},{line,643}]},{gen_server,terminate,7,[{file,"gen_server.erl"},{line,809}]},...]}
2015-12-13 07:22:41.911 [error] <0.302.0> CRASH REPORT Process <0.302.0> with 0 neighbours exited with reason: call to undefined function wg_logger:error_msg(role_server, 231, "role terminate when login_state is ?ROLE_LOGIN_WAITING:~p", [{bad_return_value,{reply,ok,{role,0,undefined,<<>>,#Port<0.3221>,<0.302.0>,0,1,0,0,2,false,none,...}}}]) in gen_server:terminate/7 line 814
2015-12-13 07:22:41.911 [error] <0.302.0> Ranch listener role_sup terminated with reason: call to undefined function wg_logger:error_msg(role_server, 231, "role terminate when login_state is ?ROLE_LOGIN_WAITING:~p", [{bad_return_value,{reply,ok,{role,0,undefined,<<>>,#Port<0.3221>,<0.302.0>,0,1,0,0,2,false,none,...}}}])
2015-12-13 07:23:03.212 [error] <0.305.0>@role_server:do_info:508 role_server unknown info request: {tcp_closed,#Port<0.3365>}, State = 1
2015-12-13 07:25:37.113 [error] <0.309.0>@role_server:handle_info:223 handle info:{tcp,#Port<0.3373>,<<0,1,20>>} error
error:{badmatch,<<0,1,20>>}
2015-12-13 07:26:56.672 [error] <0.310.0>@role_server:handle_info:223 handle info:{tcp,#Port<0.3374>,<<0,3,20>>} error
error:{badmatch,<<0,3,20>>}
2015-12-13 07:27:57.986 [error] <0.313.0>@role_server:handle_info:223 handle info:{tcp,#Port<0.3378>,<<0,3,20>>} error
error:{badmatch,<<0,3,20>>}
2015-12-13 07:29:19.801 [error] <0.315.0>@role_server:do_info:512 role_server unknown info request: {tcp,#Port<0.3382>,<<0,3,20>>}, State = 1
2015-12-13 07:31:26.187 [error] <0.306.0>@role_server:do_info:512 role_server unknown info request: {tcp_closed,#Port<0.3366>}, State = 1
2015-12-13 07:31:26.187 [error] <0.318.0>@role_server:do_info:512 role_server unknown info request: {tcp_closed,#Port<0.3393>}, State = 1
2015-12-13 07:31:34.351 [error] <0.319.0>@role_server:do_info:436 1
2015-12-13 07:31:34.351 [error] <0.319.0>@role_server:do_info:438 Length = 1
2015-12-13 07:31:45.448 [error] <0.319.0>@role_server:do_info:454 2
2015-12-13 07:31:45.448 [error] <0.319.0>@role_server:handle_info:223 handle info:{tcp,#Port<0.3394>,<<0,3,20>>} error
error:{badmatch,<<0,3,20>>}
2015-12-13 07:32:57.540 [error] <0.320.0>@role_server:do_info:436 1
2015-12-13 07:32:57.540 [error] <0.320.0>@role_server:do_info:438 Length = 1
2015-12-13 07:33:07.924 [error] <0.320.0>@role_server:do_info:454 2
2015-12-13 07:33:07.924 [error] <0.320.0>@role_server:do_info:456 Length = 3
2015-12-13 07:33:25.197 [error] <0.320.0>@role_server:do_info:462 3
2015-12-13 07:33:25.197 [error] <0.320.0>@role_server:do_info:463 error = <<0,1,20>>
2015-12-13 07:33:25.197 [error] <0.320.0>@pack:unpack:124 error bin data type:20 bin:<<20>>
2015-12-13 07:33:25.197 [error] <0.320.0>@role_server:handle_info:223 handle info:{tcp,#Port<0.3395>,<<0,1,20>>} error
error:{badmatch,{error,bad_type,20}}
