2013-01-30 22:20:49  IN 47965 200-0: true
2013-01-30 22:20:51  IN 47965 2-30: true
2013-01-30 22:20:51  IN 47965 8-0: true
2013-01-30 22:20:51  IN 47965 21-0: <<116,111,112,105,99,111,110,111,112,101,110>>
2013-01-30 22:20:51  IN 47965 21-0: <<98,117,116,116,111,109,105,99,111,110,111,112,101,110>>
2013-01-30 22:20:51  IN 47965 3-2: 1
2013-01-30 22:20:51  IN 47965 3-3: true
2013-01-30 22:20:51  IN 47965 13-0: true
2013-01-30 22:20:51  IN 47965 3-2: 3
2013-01-30 22:20:51  IN 47965 3-4: true
2013-01-30 22:20:51  IN 47965 7-0: true
2013-01-30 22:20:51  IN 47965 3-5: true
2013-01-30 22:20:51  IN 47965 21-0: <<49>>
2013-01-30 22:20:51  IN 47965 6-0: 1
2013-01-30 22:20:51  IN 47965 21-0: <<65,117,116,111,85,115,101,66,111,120>>
2013-01-30 22:20:51  IN 47965 56-2: true
2013-01-30 22:20:51  IN 47965 19-0: true
2013-01-30 22:20:51  IN 47965 18-0: <<>>
2013-01-30 22:20:51  IN 47965 18-11: <<>>
2013-01-30 22:20:51  IN 47965 34-0: true
2013-01-30 22:20:51  IN 47965 34-80: true
2013-01-30 22:20:51  IN 47965 34-32: true
2013-01-30 22:20:51  IN 47965 12-0: true
2013-01-30 22:20:51  IN 47965 29-1: true
2013-01-30 22:20:51  IN 47965 29-3: true
2013-01-30 22:20:51  IN 47965 20-0: <<>>
2013-01-30 22:20:51  IN 47965 34-30: true
2013-01-30 22:20:52  IN 47965 21-1: [<<116,111,112,105,99,111,110,111,112,101,110>>,<<116,101,97,109,95,98,116,110,35,115,116,97,114,82,111,111,109,95,98,116,110,35,103,111,108,100,66,111,120,77,67,35,81,89,71,111,108,100,77,67,35,104,101,114,111,95,114,97,110,107,95,98,116,110,35,106,106,99,95,98,116,110,35,103,111,100,66,108,101,115,115,95,98,116,110>>]
2013-01-30 22:20:52  IN 47965 21-1: [<<98,117,116,116,111,109,105,99,111,110,111,112,101,110>>,<<95,99,104,97,114,35,95,98,97,103>>]
2013-01-30 22:20:52  IN 47965 3-16: true
2013-01-30 22:20:52  IN 47965 3-16: true
2013-01-30 22:20:52  IN 47965 36-30: true
2013-01-30 22:20:52  IN 47965 19-40: true
2013-01-30 22:20:52  IN 47965 21-1: [<<98,117,116,116,111,109,105,99,111,110,111,112,101,110>>,<<>>]
2013-01-30 22:20:52  IN 47965 21-1: [<<116,111,112,105,99,111,110,111,112,101,110>>,<<>>]
2013-01-30 22:20:52  IN 47965 4-8: true
2013-01-30 22:20:52  IN 47965 12-20: true
2013-01-30 22:20:52  IN 47965 15-3: true
2013-01-30 22:20:52  IN 47965 4-18: <<0,0,7,48,2,47,0,0>>
2013-01-30 22:20:54  IN 47965 200-0: true
2013-01-30 22:20:56  IN 47965 22-0: true
2013-01-30 22:22:23  IN 47965 200-0: true
2013-01-30 22:22:25  IN 47965 2-30: true
2013-01-30 22:22:25  IN 47965 8-0: true
2013-01-30 22:22:25  IN 47965 21-0: <<116,111,112,105,99,111,110,111,112,101,110>>
2013-01-30 22:22:25  IN 47965 21-0: <<98,117,116,116,111,109,105,99,111,110,111,112,101,110>>
2013-01-30 22:22:25  IN 47965 3-2: 1
2013-01-30 22:22:25  IN 47965 3-3: true
2013-01-30 22:22:25  IN 47965 13-0: true
2013-01-30 22:22:25  IN 47965 3-2: 3
2013-01-30 22:22:25  IN 47965 3-4: true
2013-01-30 22:22:25  IN 47965 7-0: true
2013-01-30 22:22:25  IN 47965 3-5: true
2013-01-30 22:22:25  IN 47965 21-0: <<49>>
2013-01-30 22:22:25  IN 47965 6-0: 1
2013-01-30 22:22:25  IN 47965 21-0: <<65,117,116,111,85,115,101,66,111,120>>
2013-01-30 22:22:25  IN 47965 56-2: true
2013-01-30 22:22:25  IN 47965 19-0: true
2013-01-30 22:22:25  IN 47965 18-0: <<>>
2013-01-30 22:22:25  IN 47965 18-11: <<>>
2013-01-30 22:22:25  IN 47965 34-0: true
2013-01-30 22:22:25  IN 47965 34-80: true
2013-01-30 22:22:25  IN 47965 34-32: true
2013-01-30 22:22:25  IN 47965 12-0: true
2013-01-30 22:22:25  IN 47965 29-1: true
2013-01-30 22:22:25  IN 47965 29-3: true
2013-01-30 22:22:25  IN 47965 20-0: <<>>
2013-01-30 22:22:25  IN 47965 34-30: true
2013-01-30 22:22:26  IN 47965 21-1: [<<116,111,112,105,99,111,110,111,112,101,110>>,<<116,101,97,109,95,98,116,110,35,115,116,97,114,82,111,111,109,95,98,116,110,35,103,111,108,100,66,111,120,77,67,35,81,89,71,111,108,100,77,67,35,104,101,114,111,95,114,97,110,107,95,98,116,110,35,106,106,99,95,98,116,110,35,103,111,100,66,108,101,115,115,95,98,116,110>>]
2013-01-30 22:22:26  IN 47965 21-1: [<<98,117,116,116,111,109,105,99,111,110,111,112,101,110>>,<<95,99,104,97,114,35,95,98,97,103>>]
2013-01-30 22:22:26  IN 47965 3-16: true
2013-01-30 22:22:26  IN 47965 3-16: true
2013-01-30 22:22:26  IN 47965 36-30: true
2013-01-30 22:22:26  IN 47965 19-40: true
2013-01-30 22:22:26  IN 47965 21-1: [<<98,117,116,116,111,109,105,99,111,110,111,112,101,110>>,<<>>]
2013-01-30 22:22:26  IN 47965 21-1: [<<116,111,112,105,99,111,110,111,112,101,110>>,<<>>]
2013-01-30 22:22:26  IN 47965 4-8: true
2013-01-30 22:22:26  IN 47965 12-20: true
2013-01-30 22:22:26  IN 47965 15-3: true
2013-01-30 22:22:26  IN 47965 4-18: <<0,0,7,48,2,47,0,0>>
2013-01-30 22:22:28  IN 47965 200-0: true
2013-01-30 22:22:28  IN 47965 4-18: <<249,0,7,41,2,47,5,1>>
2013-01-30 22:22:29  IN 47965 4-18: <<249,0,6,199,2,47,5,1>>
2013-01-30 22:22:29  IN 47965 4-18: <<0,0,6,143,2,47,1,0>>
2013-01-30 22:22:31  IN 47965 4-18: <<249,0,6,136,2,47,5,1>>
2013-01-30 22:22:31  IN 47965 4-18: <<249,0,6,45,2,47,5,1>>
2013-01-30 22:22:32  IN 47965 4-18: <<249,0,5,217,2,47,5,1>>
2013-01-30 22:22:32  IN 47965 4-18: <<0,0,5,154,2,47,1,0>>
2013-01-30 22:22:33  IN 47965 200-0: true
2013-01-30 22:22:34  IN 47965 19-8: true
2013-01-30 22:22:34  IN 47965 19-8: true
2013-01-30 22:22:36  IN 47965 22-0: true
2013-01-30 22:22:37  IN 47965 22-6: true
2013-01-30 22:22:38  IN 47965 200-0: true
2013-01-30 22:22:43  IN 47965 200-0: true
2013-01-30 22:22:48  IN 47965 200-0: true
2013-01-30 22:22:53  IN 47965 200-0: true
2013-01-30 22:24:36  IN 47965 200-0: true
2013-01-30 22:24:38  IN 47965 2-30: true
2013-01-30 22:24:38  IN 47965 8-0: true
2013-01-30 22:24:38  IN 47965 21-0: <<116,111,112,105,99,111,110,111,112,101,110>>
2013-01-30 22:24:38  IN 47965 21-0: <<98,117,116,116,111,109,105,99,111,110,111,112,101,110>>
2013-01-30 22:24:38  IN 47965 3-2: 1
2013-01-30 22:24:38  IN 47965 3-3: true
2013-01-30 22:24:38  IN 47965 13-0: true
2013-01-30 22:24:38  IN 47965 3-2: 3
2013-01-30 22:24:38  IN 47965 3-4: true
2013-01-30 22:24:38  IN 47965 7-0: true
2013-01-30 22:24:38  IN 47965 3-5: true
2013-01-30 22:24:38  IN 47965 21-0: <<49>>
2013-01-30 22:24:38  IN 47965 6-0: 1
2013-01-30 22:24:38  IN 47965 21-0: <<65,117,116,111,85,115,101,66,111,120>>
2013-01-30 22:24:38  IN 47965 56-2: true
2013-01-30 22:24:38  IN 47965 19-0: true
2013-01-30 22:24:38  IN 47965 18-0: <<>>
2013-01-30 22:24:38  IN 47965 18-11: <<>>
2013-01-30 22:24:38  IN 47965 34-0: true
2013-01-30 22:24:38  IN 47965 34-80: true
2013-01-30 22:24:38  IN 47965 34-32: true
2013-01-30 22:24:38  IN 47965 12-0: true
2013-01-30 22:24:38  IN 47965 29-1: true
2013-01-30 22:24:38  IN 47965 29-3: true
2013-01-30 22:24:38  IN 47965 20-0: <<>>
2013-01-30 22:24:38  IN 47965 34-30: true
2013-01-30 22:24:38  IN 47965 21-1: [<<116,111,112,105,99,111,110,111,112,101,110>>,<<116,101,97,109,95,98,116,110,35,115,116,97,114,82,111,111,109,95,98,116,110,35,103,111,108,100,66,111,120,77,67,35,81,89,71,111,108,100,77,67,35,104,101,114,111,95,114,97,110,107,95,98,116,110,35,106,106,99,95,98,116,110,35,103,111,100,66,108,101,115,115,95,98,116,110>>]
2013-01-30 22:24:38  IN 47965 21-1: [<<98,117,116,116,111,109,105,99,111,110,111,112,101,110>>,<<95,99,104,97,114,35,95,98,97,103>>]
2013-01-30 22:24:38  IN 47965 3-16: true
2013-01-30 22:24:38  IN 47965 3-16: true
2013-01-30 22:24:38  IN 47965 36-30: true
2013-01-30 22:24:38  IN 47965 19-40: true
2013-01-30 22:24:38  IN 47965 21-1: [<<98,117,116,116,111,109,105,99,111,110,111,112,101,110>>,<<>>]
2013-01-30 22:24:38  IN 47965 21-1: [<<116,111,112,105,99,111,110,111,112,101,110>>,<<>>]
2013-01-30 22:24:39  IN 47965 4-8: true
2013-01-30 22:24:39  IN 47965 12-20: true
2013-01-30 22:24:39  IN 47965 15-3: true
2013-01-30 22:24:39  IN 47965 4-18: <<0,0,5,120,2,47,0,0>>
2013-01-30 22:24:41  IN 47965 200-0: true
